{"G:\\hanghae99\\structure_\\app.js": {"path":"G:\\hanghae99\\structure_\\app.js","statementMap":{"0":{"start":{"line":1,"column":16},"end":{"line":1,"column":34}},"1":{"start":{"line":2,"column":12},"end":{"line":2,"column":35}},"2":{"start":{"line":3,"column":23},"end":{"line":3,"column":63}},"3":{"start":{"line":4,"column":12},"end":{"line":4,"column":21}},"4":{"start":{"line":5,"column":13},"end":{"line":5,"column":17}},"5":{"start":{"line":6,"column":21},"end":{"line":6,"column":45}},"6":{"start":{"line":8,"column":20},"end":{"line":8,"column":45}},"7":{"start":{"line":9,"column":19},"end":{"line":9,"column":44}},"8":{"start":{"line":10,"column":19},"end":{"line":10,"column":44}},"9":{"start":{"line":11,"column":22},"end":{"line":11,"column":50}},"10":{"start":{"line":12,"column":0},"end":{"line":12,"column":24}},"11":{"start":{"line":13,"column":0},"end":{"line":13,"column":30}},"12":{"start":{"line":14,"column":0},"end":{"line":14,"column":24}},"13":{"start":{"line":15,"column":0},"end":{"line":15,"column":67}},"14":{"start":{"line":16,"column":0},"end":{"line":18,"column":3}},"15":{"start":{"line":17,"column":2},"end":{"line":17,"column":27}},"16":{"start":{"line":19,"column":0},"end":{"line":21,"column":3}},"17":{"start":{"line":20,"column":2},"end":{"line":20,"column":37}},"18":{"start":{"line":23,"column":0},"end":{"line":23,"column":21}}},"fnMap":{"0":{"name":"(anonymous_0)","decl":{"start":{"line":16,"column":13},"end":{"line":16,"column":14}},"loc":{"start":{"line":16,"column":27},"end":{"line":18,"column":1}},"line":16},"1":{"name":"(anonymous_1)","decl":{"start":{"line":19,"column":17},"end":{"line":19,"column":18}},"loc":{"start":{"line":19,"column":23},"end":{"line":21,"column":1}},"line":19}},"branchMap":{},"s":{"0":1,"1":1,"2":1,"3":1,"4":1,"5":1,"6":1,"7":1,"8":1,"9":1,"10":1,"11":1,"12":1,"13":1,"14":1,"15":0,"16":1,"17":1,"18":1},"f":{"0":0,"1":1},"b":{},"_coverageSchema":"1a1c01bbd47fc00a2c39e90264f33305004495a9","hash":"4c67756f392f9ac1e3241b7557aed31864bc0bab"}
,"G:\\hanghae99\\structure_\\config\\config.js": {"path":"G:\\hanghae99\\structure_\\config\\config.js","statementMap":{"0":{"start":{"line":1,"column":0},"end":{"line":1,"column":27}},"1":{"start":{"line":2,"column":12},"end":{"line":2,"column":23}},"2":{"start":{"line":3,"column":20},"end":{"line":9,"column":1}},"3":{"start":{"line":10,"column":13},"end":{"line":17,"column":1}},"4":{"start":{"line":18,"column":19},"end":{"line":24,"column":1}},"5":{"start":{"line":27,"column":0},"end":{"line":27,"column":51}}},"fnMap":{},"branchMap":{},"s":{"0":1,"1":1,"2":1,"3":1,"4":1,"5":1},"f":{},"b":{},"_coverageSchema":"1a1c01bbd47fc00a2c39e90264f33305004495a9","hash":"b9d82a34f192e8fa1672148b3c9abf9e5c6e5fd7"}
,"G:\\hanghae99\\structure_\\controllers\\posts.controller.js": {"path":"G:\\hanghae99\\structure_\\controllers\\posts.controller.js","statementMap":{"0":{"start":{"line":1,"column":20},"end":{"line":1,"column":56}},"1":{"start":{"line":2,"column":12},"end":{"line":2,"column":35}},"2":{"start":{"line":4,"column":18},"end":{"line":4,"column":35}},"3":{"start":{"line":6,"column":15},"end":{"line":9,"column":5}},"4":{"start":{"line":7,"column":22},"end":{"line":7,"column":58}},"5":{"start":{"line":8,"column":8},"end":{"line":8,"column":45}},"6":{"start":{"line":11,"column":16},"end":{"line":16,"column":5}},"7":{"start":{"line":12,"column":25},"end":{"line":12,"column":35}},"8":{"start":{"line":14,"column":21},"end":{"line":14,"column":64}},"9":{"start":{"line":15,"column":8},"end":{"line":15,"column":44}},"10":{"start":{"line":18,"column":15},"end":{"line":23,"column":5}},"11":{"start":{"line":19,"column":27},"end":{"line":19,"column":44}},"12":{"start":{"line":20,"column":37},"end":{"line":20,"column":76}},"13":{"start":{"line":21,"column":22},"end":{"line":21,"column":65}},"14":{"start":{"line":22,"column":8},"end":{"line":22,"column":45}},"15":{"start":{"line":25,"column":17},"end":{"line":32,"column":5}},"16":{"start":{"line":26,"column":27},"end":{"line":26,"column":44}},"17":{"start":{"line":27,"column":37},"end":{"line":27,"column":76}},"18":{"start":{"line":29,"column":32},"end":{"line":29,"column":40}},"19":{"start":{"line":30,"column":31},"end":{"line":30,"column":98}},"20":{"start":{"line":31,"column":8},"end":{"line":31,"column":103}},"21":{"start":{"line":34,"column":17},"end":{"line":48,"column":5}},"22":{"start":{"line":35,"column":27},"end":{"line":35,"column":44}},"23":{"start":{"line":36,"column":37},"end":{"line":36,"column":76}},"24":{"start":{"line":37,"column":25},"end":{"line":37,"column":35}},"25":{"start":{"line":38,"column":33},"end":{"line":38,"column":41}},"26":{"start":{"line":40,"column":27},"end":{"line":40,"column":101}},"27":{"start":{"line":41,"column":8},"end":{"line":43,"column":9}},"28":{"start":{"line":42,"column":12},"end":{"line":42,"column":84}},"29":{"start":{"line":44,"column":8},"end":{"line":46,"column":9}},"30":{"start":{"line":45,"column":12},"end":{"line":45,"column":87}},"31":{"start":{"line":47,"column":8},"end":{"line":47,"column":70}},"32":{"start":{"line":50,"column":17},"end":{"line":62,"column":5}},"33":{"start":{"line":51,"column":27},"end":{"line":51,"column":44}},"34":{"start":{"line":52,"column":37},"end":{"line":52,"column":76}},"35":{"start":{"line":53,"column":25},"end":{"line":53,"column":35}},"36":{"start":{"line":54,"column":27},"end":{"line":54,"column":84}},"37":{"start":{"line":55,"column":8},"end":{"line":57,"column":9}},"38":{"start":{"line":56,"column":12},"end":{"line":56,"column":84}},"39":{"start":{"line":58,"column":8},"end":{"line":60,"column":9}},"40":{"start":{"line":59,"column":12},"end":{"line":59,"column":87}},"41":{"start":{"line":61,"column":8},"end":{"line":61,"column":70}},"42":{"start":{"line":64,"column":14},"end":{"line":75,"column":5}},"43":{"start":{"line":65,"column":27},"end":{"line":65,"column":44}},"44":{"start":{"line":66,"column":37},"end":{"line":66,"column":76}},"45":{"start":{"line":67,"column":25},"end":{"line":67,"column":35}},"46":{"start":{"line":68,"column":25},"end":{"line":68,"column":79}},"47":{"start":{"line":69,"column":8},"end":{"line":74,"column":9}},"48":{"start":{"line":70,"column":12},"end":{"line":70,"column":82}},"49":{"start":{"line":73,"column":12},"end":{"line":73,"column":83}},"50":{"start":{"line":79,"column":0},"end":{"line":79,"column":33}}},"fnMap":{"0":{"name":"(anonymous_0)","decl":{"start":{"line":6,"column":15},"end":{"line":6,"column":16}},"loc":{"start":{"line":6,"column":38},"end":{"line":9,"column":5}},"line":6},"1":{"name":"(anonymous_1)","decl":{"start":{"line":11,"column":16},"end":{"line":11,"column":17}},"loc":{"start":{"line":11,"column":39},"end":{"line":16,"column":5}},"line":11},"2":{"name":"(anonymous_2)","decl":{"start":{"line":18,"column":15},"end":{"line":18,"column":16}},"loc":{"start":{"line":18,"column":38},"end":{"line":23,"column":5}},"line":18},"3":{"name":"(anonymous_3)","decl":{"start":{"line":25,"column":17},"end":{"line":25,"column":18}},"loc":{"start":{"line":25,"column":40},"end":{"line":32,"column":5}},"line":25},"4":{"name":"(anonymous_4)","decl":{"start":{"line":34,"column":17},"end":{"line":34,"column":18}},"loc":{"start":{"line":34,"column":40},"end":{"line":48,"column":5}},"line":34},"5":{"name":"(anonymous_5)","decl":{"start":{"line":50,"column":17},"end":{"line":50,"column":18}},"loc":{"start":{"line":50,"column":40},"end":{"line":62,"column":5}},"line":50},"6":{"name":"(anonymous_6)","decl":{"start":{"line":64,"column":14},"end":{"line":64,"column":15}},"loc":{"start":{"line":64,"column":37},"end":{"line":75,"column":5}},"line":64}},"branchMap":{"0":{"loc":{"start":{"line":41,"column":8},"end":{"line":43,"column":9}},"type":"if","locations":[{"start":{"line":41,"column":8},"end":{"line":43,"column":9}},{"start":{},"end":{}}],"line":41},"1":{"loc":{"start":{"line":44,"column":8},"end":{"line":46,"column":9}},"type":"if","locations":[{"start":{"line":44,"column":8},"end":{"line":46,"column":9}},{"start":{},"end":{}}],"line":44},"2":{"loc":{"start":{"line":55,"column":8},"end":{"line":57,"column":9}},"type":"if","locations":[{"start":{"line":55,"column":8},"end":{"line":57,"column":9}},{"start":{},"end":{}}],"line":55},"3":{"loc":{"start":{"line":58,"column":8},"end":{"line":60,"column":9}},"type":"if","locations":[{"start":{"line":58,"column":8},"end":{"line":60,"column":9}},{"start":{},"end":{}}],"line":58},"4":{"loc":{"start":{"line":69,"column":8},"end":{"line":74,"column":9}},"type":"if","locations":[{"start":{"line":69,"column":8},"end":{"line":74,"column":9}},{"start":{"line":72,"column":13},"end":{"line":74,"column":9}}],"line":69}},"s":{"0":1,"1":1,"2":1,"3":1,"4":1,"5":1,"6":1,"7":1,"8":1,"9":1,"10":1,"11":1,"12":1,"13":1,"14":1,"15":1,"16":1,"17":1,"18":1,"19":1,"20":1,"21":1,"22":2,"23":2,"24":2,"25":2,"26":2,"27":2,"28":0,"29":2,"30":1,"31":1,"32":1,"33":2,"34":2,"35":2,"36":2,"37":2,"38":0,"39":2,"40":1,"41":1,"42":1,"43":1,"44":1,"45":1,"46":1,"47":1,"48":0,"49":1,"50":1},"f":{"0":1,"1":1,"2":1,"3":1,"4":2,"5":2,"6":1},"b":{"0":[0,2],"1":[1,1],"2":[0,2],"3":[1,1],"4":[0,1]},"_coverageSchema":"1a1c01bbd47fc00a2c39e90264f33305004495a9","hash":"b58ac158d91a2dd8f20dd1421bef71f949ea36b7"}
,"G:\\hanghae99\\structure_\\middlewares\\auth-middleware.js": {"path":"G:\\hanghae99\\structure_\\middlewares\\auth-middleware.js","statementMap":{"0":{"start":{"line":1,"column":12},"end":{"line":1,"column":35}},"1":{"start":{"line":2,"column":17},"end":{"line":2,"column":37}},"2":{"start":{"line":5,"column":0},"end":{"line":28,"column":2}},"3":{"start":{"line":6,"column":19},"end":{"line":6,"column":36}},"4":{"start":{"line":7,"column":0},"end":{"line":13,"column":3}},"5":{"start":{"line":8,"column":4},"end":{"line":10,"column":61}},"6":{"start":{"line":11,"column":6},"end":{"line":11,"column":36}},"7":{"start":{"line":12,"column":4},"end":{"line":12,"column":11}},"8":{"start":{"line":15,"column":2},"end":{"line":27,"column":3}},"9":{"start":{"line":16,"column":23},"end":{"line":16,"column":62}},"10":{"start":{"line":18,"column":4},"end":{"line":20,"column":7}},"11":{"start":{"line":19,"column":4},"end":{"line":19,"column":11}},"12":{"start":{"line":22,"column":4},"end":{"line":24,"column":61}},"13":{"start":{"line":25,"column":6},"end":{"line":25,"column":30}},"14":{"start":{"line":26,"column":4},"end":{"line":26,"column":11}}},"fnMap":{"0":{"name":"(anonymous_0)","decl":{"start":{"line":5,"column":17},"end":{"line":5,"column":18}},"loc":{"start":{"line":5,"column":37},"end":{"line":28,"column":1}},"line":5},"1":{"name":"(anonymous_1)","decl":{"start":{"line":18,"column":31},"end":{"line":18,"column":32}},"loc":{"start":{"line":18,"column":41},"end":{"line":20,"column":5}},"line":18}},"branchMap":{"0":{"loc":{"start":{"line":7,"column":0},"end":{"line":13,"column":3}},"type":"if","locations":[{"start":{"line":7,"column":0},"end":{"line":13,"column":3}},{"start":{},"end":{}}],"line":7}},"s":{"0":1,"1":1,"2":1,"3":11,"4":11,"5":4,"6":4,"7":4,"8":7,"9":7,"10":7,"11":7,"12":0,"13":0,"14":0},"f":{"0":11,"1":7},"b":{"0":[4,7]},"_coverageSchema":"1a1c01bbd47fc00a2c39e90264f33305004495a9","hash":"7bdad31714be414137fdb185493b47e77d746347"}
,"G:\\hanghae99\\structure_\\models\\comment.js": {"path":"G:\\hanghae99\\structure_\\models\\comment.js","statementMap":{"0":{"start":{"line":2,"column":18},"end":{"line":2,"column":38}},"1":{"start":{"line":3,"column":0},"end":{"line":29,"column":2}},"2":{"start":{"line":14,"column":2},"end":{"line":27,"column":4}},"3":{"start":{"line":28,"column":2},"end":{"line":28,"column":17}}},"fnMap":{"0":{"name":"(anonymous_0)","decl":{"start":{"line":3,"column":17},"end":{"line":3,"column":18}},"loc":{"start":{"line":3,"column":43},"end":{"line":29,"column":1}},"line":3},"1":{"name":"(anonymous_1)","decl":{"start":{"line":10,"column":4},"end":{"line":10,"column":5}},"loc":{"start":{"line":10,"column":29},"end":{"line":12,"column":5}},"line":10}},"branchMap":{},"s":{"0":1,"1":1,"2":1,"3":1},"f":{"0":1,"1":1},"b":{},"_coverageSchema":"1a1c01bbd47fc00a2c39e90264f33305004495a9","hash":"36b8ade30147eb49533583c98327a3cac5ed3944"}
,"G:\\hanghae99\\structure_\\models\\index.js": {"path":"G:\\hanghae99\\structure_\\models\\index.js","statementMap":{"0":{"start":{"line":3,"column":11},"end":{"line":3,"column":24}},"1":{"start":{"line":4,"column":13},"end":{"line":4,"column":28}},"2":{"start":{"line":5,"column":18},"end":{"line":5,"column":38}},"3":{"start":{"line":6,"column":17},"end":{"line":6,"column":42}},"4":{"start":{"line":7,"column":12},"end":{"line":7,"column":49}},"5":{"start":{"line":8,"column":15},"end":{"line":8,"column":63}},"6":{"start":{"line":9,"column":11},"end":{"line":9,"column":13}},"7":{"start":{"line":12,"column":0},"end":{"line":21,"column":1}},"8":{"start":{"line":13,"column":2},"end":{"line":13,"column":74}},"9":{"start":{"line":15,"column":2},"end":{"line":20,"column":4}},"10":{"start":{"line":23,"column":0},"end":{"line":35,"column":5}},"11":{"start":{"line":25,"column":4},"end":{"line":27,"column":6}},"12":{"start":{"line":30,"column":18},"end":{"line":33,"column":5}},"13":{"start":{"line":34,"column":4},"end":{"line":34,"column":27}},"14":{"start":{"line":37,"column":0},"end":{"line":41,"column":3}},"15":{"start":{"line":38,"column":2},"end":{"line":40,"column":3}},"16":{"start":{"line":39,"column":4},"end":{"line":39,"column":32}},"17":{"start":{"line":43,"column":0},"end":{"line":43,"column":25}},"18":{"start":{"line":44,"column":0},"end":{"line":44,"column":25}},"19":{"start":{"line":46,"column":0},"end":{"line":46,"column":20}}},"fnMap":{"0":{"name":"(anonymous_0)","decl":{"start":{"line":24,"column":10},"end":{"line":24,"column":11}},"loc":{"start":{"line":24,"column":20},"end":{"line":28,"column":3}},"line":24},"1":{"name":"(anonymous_1)","decl":{"start":{"line":29,"column":11},"end":{"line":29,"column":12}},"loc":{"start":{"line":29,"column":21},"end":{"line":35,"column":3}},"line":29},"2":{"name":"(anonymous_2)","decl":{"start":{"line":37,"column":24},"end":{"line":37,"column":25}},"loc":{"start":{"line":37,"column":39},"end":{"line":41,"column":1}},"line":37}},"branchMap":{"0":{"loc":{"start":{"line":7,"column":12},"end":{"line":7,"column":49}},"type":"binary-expr","locations":[{"start":{"line":7,"column":12},"end":{"line":7,"column":32}},{"start":{"line":7,"column":36},"end":{"line":7,"column":49}}],"line":7},"1":{"loc":{"start":{"line":12,"column":0},"end":{"line":21,"column":1}},"type":"if","locations":[{"start":{"line":12,"column":0},"end":{"line":21,"column":1}},{"start":{"line":14,"column":7},"end":{"line":21,"column":1}}],"line":12},"2":{"loc":{"start":{"line":26,"column":6},"end":{"line":26,"column":78}},"type":"binary-expr","locations":[{"start":{"line":26,"column":6},"end":{"line":26,"column":29}},{"start":{"line":26,"column":33},"end":{"line":26,"column":50}},{"start":{"line":26,"column":54},"end":{"line":26,"column":78}}],"line":26},"3":{"loc":{"start":{"line":38,"column":2},"end":{"line":40,"column":3}},"type":"if","locations":[{"start":{"line":38,"column":2},"end":{"line":40,"column":3}},{"start":{},"end":{}}],"line":38}},"s":{"0":1,"1":1,"2":1,"3":1,"4":1,"5":1,"6":1,"7":1,"8":0,"9":1,"10":1,"11":5,"12":4,"13":4,"14":1,"15":4,"16":4,"17":1,"18":1,"19":1},"f":{"0":5,"1":4,"2":4},"b":{"0":[1,0],"1":[0,1],"2":[5,5,4],"3":[4,0]},"_coverageSchema":"1a1c01bbd47fc00a2c39e90264f33305004495a9","hash":"c1ec346ed63377ae77ef2e211a6ee055b7e9e2b5"}
,"G:\\hanghae99\\structure_\\models\\likey.js": {"path":"G:\\hanghae99\\structure_\\models\\likey.js","statementMap":{"0":{"start":{"line":2,"column":18},"end":{"line":2,"column":38}},"1":{"start":{"line":3,"column":0},"end":{"line":25,"column":2}},"2":{"start":{"line":14,"column":2},"end":{"line":23,"column":4}},"3":{"start":{"line":24,"column":2},"end":{"line":24,"column":15}}},"fnMap":{"0":{"name":"(anonymous_0)","decl":{"start":{"line":3,"column":17},"end":{"line":3,"column":18}},"loc":{"start":{"line":3,"column":43},"end":{"line":25,"column":1}},"line":3},"1":{"name":"(anonymous_1)","decl":{"start":{"line":10,"column":4},"end":{"line":10,"column":5}},"loc":{"start":{"line":10,"column":29},"end":{"line":12,"column":5}},"line":10}},"branchMap":{},"s":{"0":1,"1":1,"2":1,"3":1},"f":{"0":1,"1":1},"b":{},"_coverageSchema":"1a1c01bbd47fc00a2c39e90264f33305004495a9","hash":"42b2fde7470a674871de9238128e75d67f8a4736"}
,"G:\\hanghae99\\structure_\\models\\post.js": {"path":"G:\\hanghae99\\structure_\\models\\post.js","statementMap":{"0":{"start":{"line":2,"column":18},"end":{"line":2,"column":38}},"1":{"start":{"line":3,"column":0},"end":{"line":29,"column":2}},"2":{"start":{"line":14,"column":2},"end":{"line":27,"column":4}},"3":{"start":{"line":28,"column":2},"end":{"line":28,"column":14}}},"fnMap":{"0":{"name":"(anonymous_0)","decl":{"start":{"line":3,"column":17},"end":{"line":3,"column":18}},"loc":{"start":{"line":3,"column":43},"end":{"line":29,"column":1}},"line":3},"1":{"name":"(anonymous_1)","decl":{"start":{"line":10,"column":4},"end":{"line":10,"column":5}},"loc":{"start":{"line":10,"column":29},"end":{"line":12,"column":5}},"line":10}},"branchMap":{},"s":{"0":1,"1":1,"2":1,"3":1},"f":{"0":1,"1":1},"b":{},"_coverageSchema":"1a1c01bbd47fc00a2c39e90264f33305004495a9","hash":"0482f216739d764ee1dd898d371351a7d451e0c4"}
,"G:\\hanghae99\\structure_\\models\\user.js": {"path":"G:\\hanghae99\\structure_\\models\\user.js","statementMap":{"0":{"start":{"line":2,"column":18},"end":{"line":2,"column":38}},"1":{"start":{"line":3,"column":0},"end":{"line":30,"column":2}},"2":{"start":{"line":14,"column":2},"end":{"line":28,"column":4}},"3":{"start":{"line":29,"column":2},"end":{"line":29,"column":14}}},"fnMap":{"0":{"name":"(anonymous_0)","decl":{"start":{"line":3,"column":17},"end":{"line":3,"column":18}},"loc":{"start":{"line":3,"column":43},"end":{"line":30,"column":1}},"line":3},"1":{"name":"(anonymous_1)","decl":{"start":{"line":10,"column":4},"end":{"line":10,"column":5}},"loc":{"start":{"line":10,"column":29},"end":{"line":12,"column":5}},"line":10}},"branchMap":{},"s":{"0":1,"1":1,"2":1,"3":1},"f":{"0":1,"1":1},"b":{},"_coverageSchema":"1a1c01bbd47fc00a2c39e90264f33305004495a9","hash":"5127ada3dfa381451faecdd1758b7829e1dc5000"}
,"G:\\hanghae99\\structure_\\repositories\\posts.repository.js": {"path":"G:\\hanghae99\\structure_\\repositories\\posts.repository.js","statementMap":{"0":{"start":{"line":1,"column":17},"end":{"line":1,"column":37}},"1":{"start":{"line":2,"column":18},"end":{"line":2,"column":38}},"2":{"start":{"line":5,"column":18},"end":{"line":8,"column":5}},"3":{"start":{"line":6,"column":22},"end":{"line":6,"column":42}},"4":{"start":{"line":7,"column":8},"end":{"line":7,"column":21}},"5":{"start":{"line":10,"column":19},"end":{"line":13,"column":5}},"6":{"start":{"line":11,"column":19},"end":{"line":11,"column":46}},"7":{"start":{"line":12,"column":6},"end":{"line":12,"column":18}},"8":{"start":{"line":15,"column":17},"end":{"line":21,"column":5}},"9":{"start":{"line":16,"column":29},"end":{"line":18,"column":8}},"10":{"start":{"line":20,"column":6},"end":{"line":20,"column":28}},"11":{"start":{"line":23,"column":17},"end":{"line":30,"column":5}},"12":{"start":{"line":25,"column":31},"end":{"line":27,"column":9}},"13":{"start":{"line":29,"column":8},"end":{"line":29,"column":30}},"14":{"start":{"line":31,"column":17},"end":{"line":36,"column":5}},"15":{"start":{"line":32,"column":29},"end":{"line":33,"column":32}},"16":{"start":{"line":35,"column":6},"end":{"line":35,"column":28}},"17":{"start":{"line":37,"column":21},"end":{"line":48,"column":5}},"18":{"start":{"line":38,"column":6},"end":{"line":41,"column":7}},"19":{"start":{"line":39,"column":22},"end":{"line":39,"column":66}},"20":{"start":{"line":40,"column":8},"end":{"line":40,"column":21}},"21":{"start":{"line":42,"column":6},"end":{"line":46,"column":7}},"22":{"start":{"line":44,"column":23},"end":{"line":44,"column":67}},"23":{"start":{"line":45,"column":8},"end":{"line":45,"column":22}},"24":{"start":{"line":59,"column":19},"end":{"line":62,"column":5}},"25":{"start":{"line":60,"column":19},"end":{"line":60,"column":62}},"26":{"start":{"line":61,"column":6},"end":{"line":61,"column":18}},"27":{"start":{"line":63,"column":17},"end":{"line":66,"column":5}},"28":{"start":{"line":64,"column":29},"end":{"line":64,"column":64}},"29":{"start":{"line":65,"column":6},"end":{"line":65,"column":28}},"30":{"start":{"line":67,"column":17},"end":{"line":72,"column":5}},"31":{"start":{"line":68,"column":6},"end":{"line":68,"column":33}},"32":{"start":{"line":69,"column":29},"end":{"line":69,"column":73}},"33":{"start":{"line":70,"column":6},"end":{"line":70,"column":28}},"34":{"start":{"line":73,"column":17},"end":{"line":77,"column":5}},"35":{"start":{"line":75,"column":29},"end":{"line":75,"column":97}},"36":{"start":{"line":76,"column":6},"end":{"line":76,"column":28}},"37":{"start":{"line":79,"column":0},"end":{"line":79,"column":32}}},"fnMap":{"0":{"name":"(anonymous_0)","decl":{"start":{"line":5,"column":18},"end":{"line":5,"column":19}},"loc":{"start":{"line":5,"column":29},"end":{"line":8,"column":5}},"line":5},"1":{"name":"(anonymous_1)","decl":{"start":{"line":10,"column":19},"end":{"line":10,"column":20}},"loc":{"start":{"line":10,"column":36},"end":{"line":13,"column":5}},"line":10},"2":{"name":"(anonymous_2)","decl":{"start":{"line":15,"column":17},"end":{"line":15,"column":18}},"loc":{"start":{"line":15,"column":58},"end":{"line":21,"column":5}},"line":15},"3":{"name":"(anonymous_3)","decl":{"start":{"line":23,"column":17},"end":{"line":23,"column":18}},"loc":{"start":{"line":23,"column":50},"end":{"line":30,"column":5}},"line":23},"4":{"name":"(anonymous_4)","decl":{"start":{"line":31,"column":17},"end":{"line":31,"column":18}},"loc":{"start":{"line":31,"column":34},"end":{"line":36,"column":5}},"line":31},"5":{"name":"(anonymous_5)","decl":{"start":{"line":37,"column":21},"end":{"line":37,"column":22}},"loc":{"start":{"line":37,"column":45},"end":{"line":48,"column":5}},"line":37},"6":{"name":"(anonymous_6)","decl":{"start":{"line":59,"column":19},"end":{"line":59,"column":20}},"loc":{"start":{"line":59,"column":36},"end":{"line":62,"column":5}},"line":59},"7":{"name":"(anonymous_7)","decl":{"start":{"line":63,"column":17},"end":{"line":63,"column":18}},"loc":{"start":{"line":63,"column":42},"end":{"line":66,"column":5}},"line":63},"8":{"name":"(anonymous_8)","decl":{"start":{"line":67,"column":17},"end":{"line":67,"column":18}},"loc":{"start":{"line":67,"column":42},"end":{"line":72,"column":5}},"line":67},"9":{"name":"(anonymous_9)","decl":{"start":{"line":73,"column":17},"end":{"line":73,"column":18}},"loc":{"start":{"line":73,"column":45},"end":{"line":77,"column":5}},"line":73}},"branchMap":{"0":{"loc":{"start":{"line":38,"column":6},"end":{"line":41,"column":7}},"type":"if","locations":[{"start":{"line":38,"column":6},"end":{"line":41,"column":7}},{"start":{},"end":{}}],"line":38},"1":{"loc":{"start":{"line":42,"column":6},"end":{"line":46,"column":7}},"type":"if","locations":[{"start":{"line":42,"column":6},"end":{"line":46,"column":7}},{"start":{},"end":{}}],"line":42}},"s":{"0":1,"1":1,"2":1,"3":1,"4":1,"5":1,"6":5,"7":5,"8":1,"9":1,"10":1,"11":1,"12":1,"13":1,"14":1,"15":1,"16":1,"17":1,"18":3,"19":1,"20":1,"21":2,"22":2,"23":2,"24":1,"25":1,"26":1,"27":1,"28":1,"29":1,"30":1,"31":1,"32":1,"33":1,"34":1,"35":1,"36":1,"37":1},"f":{"0":1,"1":5,"2":1,"3":1,"4":1,"5":3,"6":1,"7":1,"8":1,"9":1},"b":{"0":[1,2],"1":[2,0]},"_coverageSchema":"1a1c01bbd47fc00a2c39e90264f33305004495a9","hash":"6dd2f84aa5a8c95c71ec4aedd129cb24553186da"}
,"G:\\hanghae99\\structure_\\routes\\comments.js": {"path":"G:\\hanghae99\\structure_\\routes\\comments.js","statementMap":{"0":{"start":{"line":1,"column":16},"end":{"line":1,"column":34}},"1":{"start":{"line":2,"column":15},"end":{"line":2,"column":31}},"2":{"start":{"line":3,"column":20},"end":{"line":3,"column":40}},"3":{"start":{"line":4,"column":23},"end":{"line":4,"column":64}},"4":{"start":{"line":5,"column":12},"end":{"line":5,"column":35}},"5":{"start":{"line":8,"column":0},"end":{"line":31,"column":3}},"6":{"start":{"line":9,"column":21},"end":{"line":9,"column":38}},"7":{"start":{"line":10,"column":31},"end":{"line":10,"column":70}},"8":{"start":{"line":11,"column":22},"end":{"line":11,"column":30}},"9":{"start":{"line":12,"column":21},"end":{"line":12,"column":31}},"10":{"start":{"line":13,"column":2},"end":{"line":17,"column":3}},"11":{"start":{"line":14,"column":4},"end":{"line":16,"column":64}},"12":{"start":{"line":19,"column":26},"end":{"line":25,"column":4}},"13":{"start":{"line":27,"column":2},"end":{"line":30,"column":5}},"14":{"start":{"line":33,"column":0},"end":{"line":51,"column":3}},"15":{"start":{"line":34,"column":21},"end":{"line":34,"column":31}},"16":{"start":{"line":35,"column":18},"end":{"line":35,"column":62}},"17":{"start":{"line":37,"column":25},"end":{"line":41,"column":14}},"18":{"start":{"line":39,"column":6},"end":{"line":39,"column":69}},"19":{"start":{"line":42,"column":2},"end":{"line":50,"column":5}},"20":{"start":{"line":43,"column":50},"end":{"line":49,"column":5}},"21":{"start":{"line":53,"column":0},"end":{"line":83,"column":3}},"22":{"start":{"line":54,"column":24},"end":{"line":54,"column":34}},"23":{"start":{"line":55,"column":21},"end":{"line":55,"column":38}},"24":{"start":{"line":56,"column":31},"end":{"line":56,"column":70}},"25":{"start":{"line":57,"column":22},"end":{"line":57,"column":30}},"26":{"start":{"line":58,"column":20},"end":{"line":58,"column":71}},"27":{"start":{"line":59,"column":2},"end":{"line":77,"column":3}},"28":{"start":{"line":60,"column":4},"end":{"line":65,"column":9}},"29":{"start":{"line":66,"column":9},"end":{"line":77,"column":3}},"30":{"start":{"line":67,"column":4},"end":{"line":69,"column":64}},"31":{"start":{"line":70,"column":9},"end":{"line":77,"column":3}},"32":{"start":{"line":71,"column":4},"end":{"line":76,"column":9}},"33":{"start":{"line":78,"column":2},"end":{"line":78,"column":66}},"34":{"start":{"line":79,"column":2},"end":{"line":82,"column":5}},"35":{"start":{"line":85,"column":0},"end":{"line":104,"column":3}},"36":{"start":{"line":86,"column":24},"end":{"line":86,"column":34}},"37":{"start":{"line":87,"column":21},"end":{"line":87,"column":38}},"38":{"start":{"line":88,"column":31},"end":{"line":88,"column":70}},"39":{"start":{"line":89,"column":25},"end":{"line":89,"column":76}},"40":{"start":{"line":91,"column":2},"end":{"line":98,"column":3}},"41":{"start":{"line":92,"column":4},"end":{"line":97,"column":9}},"42":{"start":{"line":99,"column":2},"end":{"line":99,"column":54}},"43":{"start":{"line":100,"column":2},"end":{"line":103,"column":5}},"44":{"start":{"line":105,"column":0},"end":{"line":105,"column":24}}},"fnMap":{"0":{"name":"(anonymous_0)","decl":{"start":{"line":8,"column":49},"end":{"line":8,"column":50}},"loc":{"start":{"line":8,"column":69},"end":{"line":31,"column":1}},"line":8},"1":{"name":"(anonymous_1)","decl":{"start":{"line":33,"column":32},"end":{"line":33,"column":33}},"loc":{"start":{"line":33,"column":52},"end":{"line":51,"column":1}},"line":33},"2":{"name":"(anonymous_2)","decl":{"start":{"line":38,"column":10},"end":{"line":38,"column":11}},"loc":{"start":{"line":38,"column":26},"end":{"line":40,"column":5}},"line":38},"3":{"name":"(anonymous_3)","decl":{"start":{"line":43,"column":29},"end":{"line":43,"column":30}},"loc":{"start":{"line":43,"column":50},"end":{"line":49,"column":5}},"line":43},"4":{"name":"(anonymous_4)","decl":{"start":{"line":53,"column":51},"end":{"line":53,"column":52}},"loc":{"start":{"line":53,"column":71},"end":{"line":83,"column":1}},"line":53},"5":{"name":"(anonymous_5)","decl":{"start":{"line":85,"column":54},"end":{"line":85,"column":55}},"loc":{"start":{"line":85,"column":74},"end":{"line":104,"column":1}},"line":85}},"branchMap":{"0":{"loc":{"start":{"line":13,"column":2},"end":{"line":17,"column":3}},"type":"if","locations":[{"start":{"line":13,"column":2},"end":{"line":17,"column":3}},{"start":{},"end":{}}],"line":13},"1":{"loc":{"start":{"line":59,"column":2},"end":{"line":77,"column":3}},"type":"if","locations":[{"start":{"line":59,"column":2},"end":{"line":77,"column":3}},{"start":{"line":66,"column":9},"end":{"line":77,"column":3}}],"line":59},"2":{"loc":{"start":{"line":66,"column":9},"end":{"line":77,"column":3}},"type":"if","locations":[{"start":{"line":66,"column":9},"end":{"line":77,"column":3}},{"start":{"line":70,"column":9},"end":{"line":77,"column":3}}],"line":66},"3":{"loc":{"start":{"line":70,"column":9},"end":{"line":77,"column":3}},"type":"if","locations":[{"start":{"line":70,"column":9},"end":{"line":77,"column":3}},{"start":{},"end":{}}],"line":70},"4":{"loc":{"start":{"line":91,"column":2},"end":{"line":98,"column":3}},"type":"if","locations":[{"start":{"line":91,"column":2},"end":{"line":98,"column":3}},{"start":{},"end":{}}],"line":91}},"s":{"0":1,"1":1,"2":1,"3":1,"4":1,"5":1,"6":0,"7":0,"8":0,"9":0,"10":0,"11":0,"12":0,"13":0,"14":1,"15":0,"16":0,"17":0,"18":0,"19":0,"20":0,"21":1,"22":0,"23":0,"24":0,"25":0,"26":0,"27":0,"28":0,"29":0,"30":0,"31":0,"32":0,"33":0,"34":0,"35":1,"36":0,"37":0,"38":0,"39":0,"40":0,"41":0,"42":0,"43":0,"44":1},"f":{"0":0,"1":0,"2":0,"3":0,"4":0,"5":0},"b":{"0":[0,0],"1":[0,0],"2":[0,0],"3":[0,0],"4":[0,0]},"_coverageSchema":"1a1c01bbd47fc00a2c39e90264f33305004495a9","hash":"e292c472c6d3a7abecdfae1029a169e2c770da6f"}
,"G:\\hanghae99\\structure_\\routes\\login.js": {"path":"G:\\hanghae99\\structure_\\routes\\login.js","statementMap":{"0":{"start":{"line":1,"column":16},"end":{"line":1,"column":34}},"1":{"start":{"line":2,"column":15},"end":{"line":2,"column":31}},"2":{"start":{"line":3,"column":12},"end":{"line":3,"column":35}},"3":{"start":{"line":4,"column":17},"end":{"line":4,"column":37}},"4":{"start":{"line":5,"column":0},"end":{"line":5,"column":27}},"5":{"start":{"line":11,"column":0},"end":{"line":41,"column":3}},"6":{"start":{"line":15,"column":2},"end":{"line":20,"column":3}},"7":{"start":{"line":16,"column":4},"end":{"line":18,"column":65}},"8":{"start":{"line":19,"column":4},"end":{"line":19,"column":11}},"9":{"start":{"line":22,"column":33},"end":{"line":22,"column":41}},"10":{"start":{"line":23,"column":15},"end":{"line":23,"column":68}},"11":{"start":{"line":25,"column":2},"end":{"line":33,"column":3}},"12":{"start":{"line":26,"column":4},"end":{"line":31,"column":9}},"13":{"start":{"line":32,"column":4},"end":{"line":32,"column":11}},"14":{"start":{"line":36,"column":16},"end":{"line":36,"column":59}},"15":{"start":{"line":37,"column":16},"end":{"line":37,"column":56}},"16":{"start":{"line":38,"column":2},"end":{"line":38,"column":29}},"17":{"start":{"line":40,"column":2},"end":{"line":40,"column":56}},"18":{"start":{"line":43,"column":0},"end":{"line":43,"column":24}}},"fnMap":{"0":{"name":"(anonymous_0)","decl":{"start":{"line":11,"column":22},"end":{"line":11,"column":23}},"loc":{"start":{"line":11,"column":42},"end":{"line":41,"column":1}},"line":11}},"branchMap":{"0":{"loc":{"start":{"line":15,"column":2},"end":{"line":20,"column":3}},"type":"if","locations":[{"start":{"line":15,"column":2},"end":{"line":20,"column":3}},{"start":{},"end":{}}],"line":15},"1":{"loc":{"start":{"line":25,"column":2},"end":{"line":33,"column":3}},"type":"if","locations":[{"start":{"line":25,"column":2},"end":{"line":33,"column":3}},{"start":{},"end":{}}],"line":25}},"s":{"0":1,"1":1,"2":1,"3":1,"4":1,"5":1,"6":11,"7":0,"8":0,"9":11,"10":11,"11":11,"12":0,"13":0,"14":11,"15":11,"16":11,"17":11,"18":1},"f":{"0":11},"b":{"0":[0,11],"1":[0,11]},"_coverageSchema":"1a1c01bbd47fc00a2c39e90264f33305004495a9","hash":"54cd990b5fc952acfd6dd88752efa5f6d37ca5e1"}
,"G:\\hanghae99\\structure_\\routes\\posts.js": {"path":"G:\\hanghae99\\structure_\\routes\\posts.js","statementMap":{"0":{"start":{"line":1,"column":16},"end":{"line":1,"column":34}},"1":{"start":{"line":2,"column":15},"end":{"line":2,"column":31}},"2":{"start":{"line":3,"column":23},"end":{"line":3,"column":64}},"3":{"start":{"line":4,"column":24},"end":{"line":4,"column":66}},"4":{"start":{"line":5,"column":24},"end":{"line":5,"column":45}},"5":{"start":{"line":7,"column":0},"end":{"line":7,"column":46}},"6":{"start":{"line":8,"column":0},"end":{"line":8,"column":67}},"7":{"start":{"line":9,"column":0},"end":{"line":9,"column":55}},"8":{"start":{"line":10,"column":0},"end":{"line":10,"column":66}},"9":{"start":{"line":11,"column":0},"end":{"line":11,"column":75}},"10":{"start":{"line":12,"column":0},"end":{"line":12,"column":73}},"11":{"start":{"line":13,"column":0},"end":{"line":13,"column":76}},"12":{"start":{"line":15,"column":0},"end":{"line":15,"column":24}}},"fnMap":{},"branchMap":{},"s":{"0":1,"1":1,"2":1,"3":1,"4":1,"5":1,"6":1,"7":1,"8":1,"9":1,"10":1,"11":1,"12":1},"f":{},"b":{},"_coverageSchema":"1a1c01bbd47fc00a2c39e90264f33305004495a9","hash":"19683f16c0c98c4e35588a73f379f15977891d58"}
,"G:\\hanghae99\\structure_\\routes\\users.js": {"path":"G:\\hanghae99\\structure_\\routes\\users.js","statementMap":{"0":{"start":{"line":1,"column":16},"end":{"line":1,"column":34}},"1":{"start":{"line":2,"column":15},"end":{"line":2,"column":31}},"2":{"start":{"line":3,"column":17},"end":{"line":3,"column":37}},"3":{"start":{"line":4,"column":12},"end":{"line":4,"column":35}},"4":{"start":{"line":5,"column":0},"end":{"line":62,"column":3}},"5":{"start":{"line":6,"column":40},"end":{"line":6,"column":48}},"6":{"start":{"line":7,"column":19},"end":{"line":7,"column":36}},"7":{"start":{"line":8,"column":18},"end":{"line":8,"column":61}},"8":{"start":{"line":9,"column":19},"end":{"line":9,"column":38}},"9":{"start":{"line":10,"column":2},"end":{"line":19,"column":3}},"10":{"start":{"line":11,"column":4},"end":{"line":17,"column":9}},"11":{"start":{"line":18,"column":4},"end":{"line":18,"column":11}},"12":{"start":{"line":21,"column":2},"end":{"line":29,"column":3}},"13":{"start":{"line":22,"column":4},"end":{"line":27,"column":9}},"14":{"start":{"line":28,"column":4},"end":{"line":28,"column":11}},"15":{"start":{"line":31,"column":2},"end":{"line":36,"column":3}},"16":{"start":{"line":32,"column":4},"end":{"line":34,"column":66}},"17":{"start":{"line":35,"column":4},"end":{"line":35,"column":11}},"18":{"start":{"line":37,"column":2},"end":{"line":45,"column":3}},"19":{"start":{"line":38,"column":4},"end":{"line":43,"column":9}},"20":{"start":{"line":44,"column":4},"end":{"line":44,"column":11}},"21":{"start":{"line":46,"column":2},"end":{"line":52,"column":3}},"22":{"start":{"line":47,"column":4},"end":{"line":47,"column":40}},"23":{"start":{"line":48,"column":4},"end":{"line":50,"column":61}},"24":{"start":{"line":51,"column":4},"end":{"line":51,"column":11}},"25":{"start":{"line":53,"column":2},"end":{"line":56,"column":3}},"26":{"start":{"line":54,"column":4},"end":{"line":54,"column":85}},"27":{"start":{"line":55,"column":4},"end":{"line":55,"column":11}},"28":{"start":{"line":58,"column":22},"end":{"line":58,"column":63}},"29":{"start":{"line":59,"column":2},"end":{"line":61,"column":57}},"30":{"start":{"line":64,"column":0},"end":{"line":64,"column":24}}},"fnMap":{"0":{"name":"(anonymous_0)","decl":{"start":{"line":5,"column":22},"end":{"line":5,"column":23}},"loc":{"start":{"line":5,"column":42},"end":{"line":62,"column":1}},"line":5}},"branchMap":{"0":{"loc":{"start":{"line":10,"column":2},"end":{"line":19,"column":3}},"type":"if","locations":[{"start":{"line":10,"column":2},"end":{"line":19,"column":3}},{"start":{},"end":{}}],"line":10},"1":{"loc":{"start":{"line":21,"column":2},"end":{"line":29,"column":3}},"type":"if","locations":[{"start":{"line":21,"column":2},"end":{"line":29,"column":3}},{"start":{},"end":{}}],"line":21},"2":{"loc":{"start":{"line":31,"column":2},"end":{"line":36,"column":3}},"type":"if","locations":[{"start":{"line":31,"column":2},"end":{"line":36,"column":3}},{"start":{},"end":{}}],"line":31},"3":{"loc":{"start":{"line":37,"column":2},"end":{"line":45,"column":3}},"type":"if","locations":[{"start":{"line":37,"column":2},"end":{"line":45,"column":3}},{"start":{},"end":{}}],"line":37},"4":{"loc":{"start":{"line":46,"column":2},"end":{"line":52,"column":3}},"type":"if","locations":[{"start":{"line":46,"column":2},"end":{"line":52,"column":3}},{"start":{},"end":{}}],"line":46},"5":{"loc":{"start":{"line":53,"column":2},"end":{"line":56,"column":3}},"type":"if","locations":[{"start":{"line":53,"column":2},"end":{"line":56,"column":3}},{"start":{},"end":{}}],"line":53}},"s":{"0":1,"1":1,"2":1,"3":1,"4":1,"5":0,"6":0,"7":0,"8":0,"9":0,"10":0,"11":0,"12":0,"13":0,"14":0,"15":0,"16":0,"17":0,"18":0,"19":0,"20":0,"21":0,"22":0,"23":0,"24":0,"25":0,"26":0,"27":0,"28":0,"29":0,"30":1},"f":{"0":0},"b":{"0":[0,0],"1":[0,0],"2":[0,0],"3":[0,0],"4":[0,0],"5":[0,0]},"_coverageSchema":"1a1c01bbd47fc00a2c39e90264f33305004495a9","hash":"9dd465a862d99f7b9befaaba7d07c4a2e4cdee90"}
,"G:\\hanghae99\\structure_\\services\\posts.service.js": {"path":"G:\\hanghae99\\structure_\\services\\posts.service.js","statementMap":{"0":{"start":{"line":1,"column":23},"end":{"line":1,"column":66}},"1":{"start":{"line":4,"column":21},"end":{"line":4,"column":41}},"2":{"start":{"line":7,"column":18},"end":{"line":26,"column":5}},"3":{"start":{"line":8,"column":24},"end":{"line":8,"column":63}},"4":{"start":{"line":10,"column":8},"end":{"line":12,"column":11}},"5":{"start":{"line":11,"column":12},"end":{"line":11,"column":45}},"6":{"start":{"line":14,"column":8},"end":{"line":25,"column":11}},"7":{"start":{"line":15,"column":12},"end":{"line":24,"column":14}},"8":{"start":{"line":28,"column":19},"end":{"line":43,"column":5}},"9":{"start":{"line":30,"column":25},"end":{"line":30,"column":71}},"10":{"start":{"line":32,"column":8},"end":{"line":40,"column":12}},"11":{"start":{"line":45,"column":17},"end":{"line":58,"column":5}},"12":{"start":{"line":47,"column":27},"end":{"line":47,"column":95}},"13":{"start":{"line":48,"column":8},"end":{"line":57,"column":10}},"14":{"start":{"line":60,"column":17},"end":{"line":88,"column":5}},"15":{"start":{"line":62,"column":25},"end":{"line":62,"column":71}},"16":{"start":{"line":65,"column":8},"end":{"line":68,"column":9}},"17":{"start":{"line":66,"column":12},"end":{"line":66,"column":30}},"18":{"start":{"line":69,"column":8},"end":{"line":72,"column":9}},"19":{"start":{"line":70,"column":12},"end":{"line":70,"column":30}},"20":{"start":{"line":74,"column":27},"end":{"line":74,"column":87}},"21":{"start":{"line":76,"column":8},"end":{"line":86,"column":10}},"22":{"start":{"line":90,"column":17},"end":{"line":113,"column":5}},"23":{"start":{"line":91,"column":25},"end":{"line":91,"column":71}},"24":{"start":{"line":92,"column":8},"end":{"line":96,"column":9}},"25":{"start":{"line":94,"column":12},"end":{"line":94,"column":30}},"26":{"start":{"line":97,"column":8},"end":{"line":100,"column":9}},"27":{"start":{"line":98,"column":12},"end":{"line":98,"column":30}},"28":{"start":{"line":102,"column":12},"end":{"line":102,"column":57}},"29":{"start":{"line":104,"column":8},"end":{"line":112,"column":12}},"30":{"start":{"line":114,"column":14},"end":{"line":130,"column":5}},"31":{"start":{"line":116,"column":21},"end":{"line":116,"column":79}},"32":{"start":{"line":117,"column":25},"end":{"line":117,"column":77}},"33":{"start":{"line":118,"column":24},"end":{"line":118,"column":28}},"34":{"start":{"line":119,"column":8},"end":{"line":126,"column":9}},"35":{"start":{"line":119,"column":21},"end":{"line":119,"column":22}},"36":{"start":{"line":120,"column":12},"end":{"line":125,"column":13}},"37":{"start":{"line":121,"column":16},"end":{"line":124,"column":17}},"38":{"start":{"line":122,"column":24},"end":{"line":122,"column":42}},"39":{"start":{"line":123,"column":24},"end":{"line":123,"column":77}},"40":{"start":{"line":127,"column":26},"end":{"line":127,"column":84}},"41":{"start":{"line":128,"column":8},"end":{"line":128,"column":64}},"42":{"start":{"line":129,"column":8},"end":{"line":129,"column":25}},"43":{"start":{"line":132,"column":19},"end":{"line":156,"column":5}},"44":{"start":{"line":133,"column":22},"end":{"line":133,"column":24}},"45":{"start":{"line":134,"column":26},"end":{"line":134,"column":84}},"46":{"start":{"line":136,"column":8},"end":{"line":138,"column":9}},"47":{"start":{"line":136,"column":21},"end":{"line":136,"column":22}},"48":{"start":{"line":137,"column":12},"end":{"line":137,"column":44}},"49":{"start":{"line":140,"column":29},"end":{"line":140,"column":74}},"50":{"start":{"line":142,"column":28},"end":{"line":144,"column":10}},"51":{"start":{"line":143,"column":12},"end":{"line":143,"column":35}},"52":{"start":{"line":146,"column":8},"end":{"line":155,"column":12}},"53":{"start":{"line":147,"column":54},"end":{"line":154,"column":13}},"54":{"start":{"line":159,"column":0},"end":{"line":159,"column":29}}},"fnMap":{"0":{"name":"(anonymous_0)","decl":{"start":{"line":7,"column":18},"end":{"line":7,"column":19}},"loc":{"start":{"line":7,"column":30},"end":{"line":26,"column":5}},"line":7},"1":{"name":"(anonymous_1)","decl":{"start":{"line":10,"column":21},"end":{"line":10,"column":22}},"loc":{"start":{"line":10,"column":30},"end":{"line":12,"column":9}},"line":10},"2":{"name":"(anonymous_2)","decl":{"start":{"line":14,"column":27},"end":{"line":14,"column":28}},"loc":{"start":{"line":14,"column":37},"end":{"line":25,"column":9}},"line":14},"3":{"name":"(anonymous_3)","decl":{"start":{"line":28,"column":19},"end":{"line":28,"column":20}},"loc":{"start":{"line":28,"column":36},"end":{"line":43,"column":5}},"line":28},"4":{"name":"(anonymous_4)","decl":{"start":{"line":45,"column":17},"end":{"line":45,"column":18}},"loc":{"start":{"line":45,"column":57},"end":{"line":58,"column":5}},"line":45},"5":{"name":"(anonymous_5)","decl":{"start":{"line":60,"column":17},"end":{"line":60,"column":18}},"loc":{"start":{"line":60,"column":68},"end":{"line":88,"column":5}},"line":60},"6":{"name":"(anonymous_6)","decl":{"start":{"line":90,"column":17},"end":{"line":90,"column":18}},"loc":{"start":{"line":90,"column":52},"end":{"line":113,"column":5}},"line":90},"7":{"name":"(anonymous_7)","decl":{"start":{"line":114,"column":14},"end":{"line":114,"column":15}},"loc":{"start":{"line":114,"column":47},"end":{"line":130,"column":5}},"line":114},"8":{"name":"(anonymous_8)","decl":{"start":{"line":132,"column":19},"end":{"line":132,"column":20}},"loc":{"start":{"line":132,"column":36},"end":{"line":156,"column":5}},"line":132},"9":{"name":"(anonymous_9)","decl":{"start":{"line":142,"column":46},"end":{"line":142,"column":47}},"loc":{"start":{"line":142,"column":62},"end":{"line":144,"column":9}},"line":142},"10":{"name":"(anonymous_10)","decl":{"start":{"line":147,"column":36},"end":{"line":147,"column":37}},"loc":{"start":{"line":147,"column":54},"end":{"line":154,"column":13}},"line":147}},"branchMap":{"0":{"loc":{"start":{"line":65,"column":8},"end":{"line":68,"column":9}},"type":"if","locations":[{"start":{"line":65,"column":8},"end":{"line":68,"column":9}},{"start":{},"end":{}}],"line":65},"1":{"loc":{"start":{"line":69,"column":8},"end":{"line":72,"column":9}},"type":"if","locations":[{"start":{"line":69,"column":8},"end":{"line":72,"column":9}},{"start":{},"end":{}}],"line":69},"2":{"loc":{"start":{"line":92,"column":8},"end":{"line":96,"column":9}},"type":"if","locations":[{"start":{"line":92,"column":8},"end":{"line":96,"column":9}},{"start":{},"end":{}}],"line":92},"3":{"loc":{"start":{"line":97,"column":8},"end":{"line":100,"column":9}},"type":"if","locations":[{"start":{"line":97,"column":8},"end":{"line":100,"column":9}},{"start":{},"end":{}}],"line":97},"4":{"loc":{"start":{"line":120,"column":12},"end":{"line":125,"column":13}},"type":"if","locations":[{"start":{"line":120,"column":12},"end":{"line":125,"column":13}},{"start":{},"end":{}}],"line":120},"5":{"loc":{"start":{"line":121,"column":16},"end":{"line":124,"column":17}},"type":"if","locations":[{"start":{"line":121,"column":16},"end":{"line":124,"column":17}},{"start":{},"end":{}}],"line":121}},"s":{"0":1,"1":1,"2":1,"3":1,"4":1,"5":135,"6":1,"7":55,"8":1,"9":1,"10":1,"11":1,"12":1,"13":1,"14":1,"15":2,"16":2,"17":0,"18":2,"19":1,"20":1,"21":1,"22":1,"23":2,"24":2,"25":0,"26":2,"27":1,"28":1,"29":1,"30":1,"31":1,"32":1,"33":1,"34":1,"35":1,"36":1,"37":1,"38":1,"39":1,"40":1,"41":1,"42":1,"43":1,"44":1,"45":1,"46":1,"47":1,"48":0,"49":1,"50":1,"51":0,"52":1,"53":0,"54":1},"f":{"0":1,"1":135,"2":55,"3":1,"4":1,"5":2,"6":2,"7":1,"8":1,"9":0,"10":0},"b":{"0":[0,2],"1":[1,1],"2":[0,2],"3":[1,1],"4":[1,0],"5":[1,0]},"_coverageSchema":"1a1c01bbd47fc00a2c39e90264f33305004495a9","hash":"68b413cafd1dc5c6299bbdb78541bcf4f6a3d20a"}
,"G:\\hanghae99\\structure_\\test\\data\\Post-Data.js": {"path":"G:\\hanghae99\\structure_\\test\\data\\Post-Data.js","statementMap":{"0":{"start":{"line":1,"column":20},"end":{"line":4,"column":1}},"1":{"start":{"line":5,"column":20},"end":{"line":8,"column":1}},"2":{"start":{"line":9,"column":20},"end":{"line":16,"column":40}},"3":{"start":{"line":17,"column":0},"end":{"line":22,"column":2}}},"fnMap":{},"branchMap":{},"s":{"0":1,"1":1,"2":1,"3":1},"f":{},"b":{},"_coverageSchema":"1a1c01bbd47fc00a2c39e90264f33305004495a9","hash":"48d3182ed612d2a3c0c25039b8150c5f65804aea"}
,"G:\\hanghae99\\structure_\\test\\data\\User-Data.js": {"path":"G:\\hanghae99\\structure_\\test\\data\\User-Data.js","statementMap":{"0":{"start":{"line":1,"column":20},"end":{"line":5,"column":3}},"1":{"start":{"line":6,"column":22},"end":{"line":10,"column":3}},"2":{"start":{"line":11,"column":21},"end":{"line":14,"column":3}},"3":{"start":{"line":15,"column":21},"end":{"line":18,"column":3}},"4":{"start":{"line":20,"column":25},"end":{"line":23,"column":3}},"5":{"start":{"line":25,"column":29},"end":{"line":32,"column":3}},"6":{"start":{"line":34,"column":2},"end":{"line":34,"column":108}}},"fnMap":{},"branchMap":{},"s":{"0":1,"1":1,"2":1,"3":1,"4":1,"5":1,"6":1},"f":{},"b":{},"_coverageSchema":"1a1c01bbd47fc00a2c39e90264f33305004495a9","hash":"9ad484e5ec2d99c85a382781de24b70d1ccdc65b"}
}
