{"C:\\Users\\Skywind\\Desktop\\backend\\spa_homework_5W\\app.js": {"path":"C:\\Users\\Skywind\\Desktop\\backend\\spa_homework_5W\\app.js","statementMap":{"0":{"start":{"line":1,"column":16},"end":{"line":1,"column":34}},"1":{"start":{"line":2,"column":12},"end":{"line":2,"column":35}},"2":{"start":{"line":3,"column":23},"end":{"line":3,"column":63}},"3":{"start":{"line":4,"column":12},"end":{"line":4,"column":21}},"4":{"start":{"line":5,"column":13},"end":{"line":5,"column":17}},"5":{"start":{"line":6,"column":21},"end":{"line":6,"column":45}},"6":{"start":{"line":8,"column":20},"end":{"line":8,"column":45}},"7":{"start":{"line":9,"column":19},"end":{"line":9,"column":44}},"8":{"start":{"line":10,"column":19},"end":{"line":10,"column":44}},"9":{"start":{"line":11,"column":22},"end":{"line":11,"column":50}},"10":{"start":{"line":12,"column":0},"end":{"line":12,"column":24}},"11":{"start":{"line":13,"column":0},"end":{"line":13,"column":30}},"12":{"start":{"line":14,"column":0},"end":{"line":14,"column":24}},"13":{"start":{"line":15,"column":0},"end":{"line":15,"column":67}},"14":{"start":{"line":16,"column":0},"end":{"line":18,"column":3}},"15":{"start":{"line":17,"column":2},"end":{"line":17,"column":27}},"16":{"start":{"line":19,"column":0},"end":{"line":21,"column":3}},"17":{"start":{"line":20,"column":2},"end":{"line":20,"column":37}},"18":{"start":{"line":23,"column":0},"end":{"line":23,"column":21}}},"fnMap":{"0":{"name":"(anonymous_0)","decl":{"start":{"line":16,"column":13},"end":{"line":16,"column":14}},"loc":{"start":{"line":16,"column":27},"end":{"line":18,"column":1}},"line":16},"1":{"name":"(anonymous_1)","decl":{"start":{"line":19,"column":17},"end":{"line":19,"column":18}},"loc":{"start":{"line":19,"column":23},"end":{"line":21,"column":1}},"line":19}},"branchMap":{},"s":{"0":2,"1":2,"2":2,"3":2,"4":2,"5":2,"6":2,"7":2,"8":2,"9":2,"10":2,"11":2,"12":2,"13":2,"14":2,"15":0,"16":2,"17":1,"18":2},"f":{"0":0,"1":1},"b":{},"_coverageSchema":"1a1c01bbd47fc00a2c39e90264f33305004495a9","hash":"d20d40fd959acf8d1e8f5e72d3a8d047b5570cdb"}
,"C:\\Users\\Skywind\\Desktop\\backend\\spa_homework_5W\\config\\config.js": {"path":"C:\\Users\\Skywind\\Desktop\\backend\\spa_homework_5W\\config\\config.js","statementMap":{"0":{"start":{"line":1,"column":0},"end":{"line":1,"column":27}},"1":{"start":{"line":2,"column":12},"end":{"line":2,"column":23}},"2":{"start":{"line":3,"column":20},"end":{"line":9,"column":1}},"3":{"start":{"line":10,"column":13},"end":{"line":17,"column":1}},"4":{"start":{"line":18,"column":19},"end":{"line":24,"column":1}},"5":{"start":{"line":27,"column":0},"end":{"line":27,"column":51}}},"fnMap":{},"branchMap":{},"s":{"0":2,"1":2,"2":2,"3":2,"4":2,"5":2},"f":{},"b":{},"_coverageSchema":"1a1c01bbd47fc00a2c39e90264f33305004495a9","hash":"54a18997ebf8f82a6f2280b859fc2808e7d0b996"}
,"C:\\Users\\Skywind\\Desktop\\backend\\spa_homework_5W\\controllers\\login.controller.js": {"path":"C:\\Users\\Skywind\\Desktop\\backend\\spa_homework_5W\\controllers\\login.controller.js","statementMap":{"0":{"start":{"line":1,"column":21},"end":{"line":1,"column":57}},"1":{"start":{"line":2,"column":12},"end":{"line":2,"column":35}},"2":{"start":{"line":3,"column":0},"end":{"line":3,"column":27}},"3":{"start":{"line":6,"column":19},"end":{"line":6,"column":37}},"4":{"start":{"line":9,"column":12},"end":{"line":37,"column":5}},"5":{"start":{"line":10,"column":8},"end":{"line":16,"column":9}},"6":{"start":{"line":11,"column":12},"end":{"line":14,"column":15}},"7":{"start":{"line":15,"column":12},"end":{"line":15,"column":19}},"8":{"start":{"line":18,"column":37},"end":{"line":18,"column":45}},"9":{"start":{"line":19,"column":21},"end":{"line":19,"column":70}},"10":{"start":{"line":21,"column":8},"end":{"line":27,"column":9}},"11":{"start":{"line":22,"column":12},"end":{"line":25,"column":15}},"12":{"start":{"line":26,"column":12},"end":{"line":26,"column":19}},"13":{"start":{"line":29,"column":22},"end":{"line":29,"column":63}},"14":{"start":{"line":30,"column":22},"end":{"line":30,"column":62}},"15":{"start":{"line":31,"column":8},"end":{"line":31,"column":35}},"16":{"start":{"line":33,"column":8},"end":{"line":36,"column":11}},"17":{"start":{"line":39,"column":0},"end":{"line":39,"column":33}}},"fnMap":{"0":{"name":"(anonymous_0)","decl":{"start":{"line":9,"column":12},"end":{"line":9,"column":13}},"loc":{"start":{"line":9,"column":35},"end":{"line":37,"column":5}},"line":9}},"branchMap":{"0":{"loc":{"start":{"line":10,"column":8},"end":{"line":16,"column":9}},"type":"if","locations":[{"start":{"line":10,"column":8},"end":{"line":16,"column":9}},{"start":{},"end":{}}],"line":10},"1":{"loc":{"start":{"line":21,"column":8},"end":{"line":27,"column":9}},"type":"if","locations":[{"start":{"line":21,"column":8},"end":{"line":27,"column":9}},{"start":{},"end":{}}],"line":21}},"s":{"0":2,"1":2,"2":2,"3":2,"4":2,"5":11,"6":0,"7":0,"8":11,"9":11,"10":11,"11":0,"12":0,"13":11,"14":11,"15":11,"16":11,"17":2},"f":{"0":11},"b":{"0":[0,11],"1":[0,11]},"_coverageSchema":"1a1c01bbd47fc00a2c39e90264f33305004495a9","hash":"07ee3018a08436bf6120d1f3a7fdef4de9fa8145"}
,"C:\\Users\\Skywind\\Desktop\\backend\\spa_homework_5W\\controllers\\posts.controller.js": {"path":"C:\\Users\\Skywind\\Desktop\\backend\\spa_homework_5W\\controllers\\posts.controller.js","statementMap":{"0":{"start":{"line":1,"column":20},"end":{"line":1,"column":56}},"1":{"start":{"line":2,"column":12},"end":{"line":2,"column":35}},"2":{"start":{"line":5,"column":18},"end":{"line":5,"column":35}},"3":{"start":{"line":7,"column":15},"end":{"line":10,"column":5}},"4":{"start":{"line":8,"column":22},"end":{"line":8,"column":58}},"5":{"start":{"line":9,"column":8},"end":{"line":9,"column":45}},"6":{"start":{"line":12,"column":16},"end":{"line":17,"column":5}},"7":{"start":{"line":13,"column":25},"end":{"line":13,"column":35}},"8":{"start":{"line":15,"column":21},"end":{"line":15,"column":64}},"9":{"start":{"line":16,"column":8},"end":{"line":16,"column":44}},"10":{"start":{"line":19,"column":15},"end":{"line":24,"column":5}},"11":{"start":{"line":20,"column":27},"end":{"line":20,"column":44}},"12":{"start":{"line":21,"column":37},"end":{"line":21,"column":76}},"13":{"start":{"line":22,"column":22},"end":{"line":22,"column":65}},"14":{"start":{"line":23,"column":8},"end":{"line":23,"column":45}},"15":{"start":{"line":26,"column":17},"end":{"line":32,"column":5}},"16":{"start":{"line":27,"column":27},"end":{"line":27,"column":44}},"17":{"start":{"line":28,"column":37},"end":{"line":28,"column":76}},"18":{"start":{"line":29,"column":32},"end":{"line":29,"column":40}},"19":{"start":{"line":30,"column":31},"end":{"line":30,"column":98}},"20":{"start":{"line":31,"column":8},"end":{"line":31,"column":103}},"21":{"start":{"line":34,"column":17},"end":{"line":48,"column":5}},"22":{"start":{"line":35,"column":27},"end":{"line":35,"column":44}},"23":{"start":{"line":36,"column":37},"end":{"line":36,"column":76}},"24":{"start":{"line":37,"column":25},"end":{"line":37,"column":35}},"25":{"start":{"line":38,"column":33},"end":{"line":38,"column":41}},"26":{"start":{"line":40,"column":27},"end":{"line":40,"column":101}},"27":{"start":{"line":41,"column":8},"end":{"line":43,"column":9}},"28":{"start":{"line":42,"column":12},"end":{"line":42,"column":84}},"29":{"start":{"line":44,"column":8},"end":{"line":46,"column":9}},"30":{"start":{"line":45,"column":12},"end":{"line":45,"column":87}},"31":{"start":{"line":47,"column":8},"end":{"line":47,"column":70}},"32":{"start":{"line":50,"column":17},"end":{"line":62,"column":5}},"33":{"start":{"line":51,"column":27},"end":{"line":51,"column":44}},"34":{"start":{"line":52,"column":37},"end":{"line":52,"column":76}},"35":{"start":{"line":53,"column":25},"end":{"line":53,"column":35}},"36":{"start":{"line":54,"column":27},"end":{"line":54,"column":84}},"37":{"start":{"line":55,"column":8},"end":{"line":57,"column":9}},"38":{"start":{"line":56,"column":12},"end":{"line":56,"column":84}},"39":{"start":{"line":58,"column":8},"end":{"line":60,"column":9}},"40":{"start":{"line":59,"column":12},"end":{"line":59,"column":87}},"41":{"start":{"line":61,"column":8},"end":{"line":61,"column":70}},"42":{"start":{"line":64,"column":14},"end":{"line":75,"column":5}},"43":{"start":{"line":65,"column":27},"end":{"line":65,"column":44}},"44":{"start":{"line":66,"column":37},"end":{"line":66,"column":76}},"45":{"start":{"line":67,"column":25},"end":{"line":67,"column":35}},"46":{"start":{"line":68,"column":25},"end":{"line":68,"column":79}},"47":{"start":{"line":69,"column":8},"end":{"line":74,"column":9}},"48":{"start":{"line":70,"column":12},"end":{"line":70,"column":82}},"49":{"start":{"line":73,"column":12},"end":{"line":73,"column":83}},"50":{"start":{"line":79,"column":0},"end":{"line":79,"column":33}}},"fnMap":{"0":{"name":"(anonymous_0)","decl":{"start":{"line":7,"column":15},"end":{"line":7,"column":16}},"loc":{"start":{"line":7,"column":38},"end":{"line":10,"column":5}},"line":7},"1":{"name":"(anonymous_1)","decl":{"start":{"line":12,"column":16},"end":{"line":12,"column":17}},"loc":{"start":{"line":12,"column":39},"end":{"line":17,"column":5}},"line":12},"2":{"name":"(anonymous_2)","decl":{"start":{"line":19,"column":15},"end":{"line":19,"column":16}},"loc":{"start":{"line":19,"column":38},"end":{"line":24,"column":5}},"line":19},"3":{"name":"(anonymous_3)","decl":{"start":{"line":26,"column":17},"end":{"line":26,"column":18}},"loc":{"start":{"line":26,"column":40},"end":{"line":32,"column":5}},"line":26},"4":{"name":"(anonymous_4)","decl":{"start":{"line":34,"column":17},"end":{"line":34,"column":18}},"loc":{"start":{"line":34,"column":40},"end":{"line":48,"column":5}},"line":34},"5":{"name":"(anonymous_5)","decl":{"start":{"line":50,"column":17},"end":{"line":50,"column":18}},"loc":{"start":{"line":50,"column":40},"end":{"line":62,"column":5}},"line":50},"6":{"name":"(anonymous_6)","decl":{"start":{"line":64,"column":14},"end":{"line":64,"column":15}},"loc":{"start":{"line":64,"column":37},"end":{"line":75,"column":5}},"line":64}},"branchMap":{"0":{"loc":{"start":{"line":41,"column":8},"end":{"line":43,"column":9}},"type":"if","locations":[{"start":{"line":41,"column":8},"end":{"line":43,"column":9}},{"start":{},"end":{}}],"line":41},"1":{"loc":{"start":{"line":44,"column":8},"end":{"line":46,"column":9}},"type":"if","locations":[{"start":{"line":44,"column":8},"end":{"line":46,"column":9}},{"start":{},"end":{}}],"line":44},"2":{"loc":{"start":{"line":55,"column":8},"end":{"line":57,"column":9}},"type":"if","locations":[{"start":{"line":55,"column":8},"end":{"line":57,"column":9}},{"start":{},"end":{}}],"line":55},"3":{"loc":{"start":{"line":58,"column":8},"end":{"line":60,"column":9}},"type":"if","locations":[{"start":{"line":58,"column":8},"end":{"line":60,"column":9}},{"start":{},"end":{}}],"line":58},"4":{"loc":{"start":{"line":69,"column":8},"end":{"line":74,"column":9}},"type":"if","locations":[{"start":{"line":69,"column":8},"end":{"line":74,"column":9}},{"start":{"line":72,"column":13},"end":{"line":74,"column":9}}],"line":69}},"s":{"0":2,"1":2,"2":2,"3":2,"4":1,"5":1,"6":2,"7":1,"8":1,"9":1,"10":2,"11":1,"12":1,"13":1,"14":0,"15":2,"16":1,"17":1,"18":1,"19":1,"20":1,"21":2,"22":2,"23":2,"24":2,"25":2,"26":2,"27":2,"28":0,"29":2,"30":1,"31":1,"32":2,"33":2,"34":2,"35":2,"36":2,"37":2,"38":0,"39":2,"40":1,"41":1,"42":2,"43":1,"44":1,"45":1,"46":1,"47":0,"48":0,"49":0,"50":2},"f":{"0":1,"1":1,"2":1,"3":1,"4":2,"5":2,"6":1},"b":{"0":[0,2],"1":[1,1],"2":[0,2],"3":[1,1],"4":[0,0]},"_coverageSchema":"1a1c01bbd47fc00a2c39e90264f33305004495a9","hash":"dd1677de460bee27f2d6f894cb19cc7f9dfc3dca"}
,"C:\\Users\\Skywind\\Desktop\\backend\\spa_homework_5W\\controllers\\users.controller.js": {"path":"C:\\Users\\Skywind\\Desktop\\backend\\spa_homework_5W\\controllers\\users.controller.js","statementMap":{"0":{"start":{"line":1,"column":20},"end":{"line":1,"column":56}},"1":{"start":{"line":2,"column":15},"end":{"line":2,"column":35}},"2":{"start":{"line":5,"column":18},"end":{"line":5,"column":35}},"3":{"start":{"line":8,"column":17},"end":{"line":61,"column":5}},"4":{"start":{"line":9,"column":46},"end":{"line":9,"column":54}},"5":{"start":{"line":10,"column":27},"end":{"line":10,"column":44}},"6":{"start":{"line":11,"column":26},"end":{"line":11,"column":72}},"7":{"start":{"line":12,"column":27},"end":{"line":12,"column":46}},"8":{"start":{"line":14,"column":8},"end":{"line":19,"column":9}},"9":{"start":{"line":15,"column":12},"end":{"line":18,"column":15}},"10":{"start":{"line":21,"column":8},"end":{"line":26,"column":9}},"11":{"start":{"line":22,"column":12},"end":{"line":25,"column":15}},"12":{"start":{"line":28,"column":8},"end":{"line":33,"column":9}},"13":{"start":{"line":29,"column":12},"end":{"line":32,"column":15}},"14":{"start":{"line":35,"column":8},"end":{"line":40,"column":9}},"15":{"start":{"line":36,"column":12},"end":{"line":39,"column":15}},"16":{"start":{"line":42,"column":8},"end":{"line":47,"column":9}},"17":{"start":{"line":43,"column":12},"end":{"line":46,"column":15}},"18":{"start":{"line":49,"column":8},"end":{"line":54,"column":9}},"19":{"start":{"line":50,"column":12},"end":{"line":53,"column":15}},"20":{"start":{"line":56,"column":8},"end":{"line":56,"column":73}},"21":{"start":{"line":57,"column":8},"end":{"line":60,"column":11}},"22":{"start":{"line":63,"column":0},"end":{"line":63,"column":33}}},"fnMap":{"0":{"name":"(anonymous_0)","decl":{"start":{"line":8,"column":17},"end":{"line":8,"column":18}},"loc":{"start":{"line":8,"column":40},"end":{"line":61,"column":5}},"line":8}},"branchMap":{"0":{"loc":{"start":{"line":14,"column":8},"end":{"line":19,"column":9}},"type":"if","locations":[{"start":{"line":14,"column":8},"end":{"line":19,"column":9}},{"start":{},"end":{}}],"line":14},"1":{"loc":{"start":{"line":21,"column":8},"end":{"line":26,"column":9}},"type":"if","locations":[{"start":{"line":21,"column":8},"end":{"line":26,"column":9}},{"start":{},"end":{}}],"line":21},"2":{"loc":{"start":{"line":28,"column":8},"end":{"line":33,"column":9}},"type":"if","locations":[{"start":{"line":28,"column":8},"end":{"line":33,"column":9}},{"start":{},"end":{}}],"line":28},"3":{"loc":{"start":{"line":35,"column":8},"end":{"line":40,"column":9}},"type":"if","locations":[{"start":{"line":35,"column":8},"end":{"line":40,"column":9}},{"start":{},"end":{}}],"line":35},"4":{"loc":{"start":{"line":42,"column":8},"end":{"line":47,"column":9}},"type":"if","locations":[{"start":{"line":42,"column":8},"end":{"line":47,"column":9}},{"start":{},"end":{}}],"line":42},"5":{"loc":{"start":{"line":49,"column":8},"end":{"line":54,"column":9}},"type":"if","locations":[{"start":{"line":49,"column":8},"end":{"line":54,"column":9}},{"start":{},"end":{}}],"line":49}},"s":{"0":2,"1":2,"2":2,"3":2,"4":1,"5":1,"6":1,"7":1,"8":1,"9":0,"10":1,"11":0,"12":1,"13":0,"14":1,"15":0,"16":1,"17":1,"18":1,"19":0,"20":1,"21":0,"22":2},"f":{"0":1},"b":{"0":[0,1],"1":[0,1],"2":[0,1],"3":[0,1],"4":[1,0],"5":[0,1]},"_coverageSchema":"1a1c01bbd47fc00a2c39e90264f33305004495a9","hash":"71a97caa1d95993633440243432767b7d500c409"}
,"C:\\Users\\Skywind\\Desktop\\backend\\spa_homework_5W\\middlewares\\auth-middleware.js": {"path":"C:\\Users\\Skywind\\Desktop\\backend\\spa_homework_5W\\middlewares\\auth-middleware.js","statementMap":{"0":{"start":{"line":1,"column":12},"end":{"line":1,"column":35}},"1":{"start":{"line":2,"column":17},"end":{"line":2,"column":37}},"2":{"start":{"line":5,"column":0},"end":{"line":28,"column":2}},"3":{"start":{"line":6,"column":19},"end":{"line":6,"column":36}},"4":{"start":{"line":7,"column":0},"end":{"line":13,"column":3}},"5":{"start":{"line":8,"column":4},"end":{"line":10,"column":61}},"6":{"start":{"line":11,"column":6},"end":{"line":11,"column":36}},"7":{"start":{"line":12,"column":4},"end":{"line":12,"column":11}},"8":{"start":{"line":15,"column":2},"end":{"line":27,"column":3}},"9":{"start":{"line":16,"column":23},"end":{"line":16,"column":62}},"10":{"start":{"line":18,"column":4},"end":{"line":20,"column":7}},"11":{"start":{"line":19,"column":4},"end":{"line":19,"column":11}},"12":{"start":{"line":22,"column":4},"end":{"line":24,"column":61}},"13":{"start":{"line":25,"column":6},"end":{"line":25,"column":30}},"14":{"start":{"line":26,"column":4},"end":{"line":26,"column":11}}},"fnMap":{"0":{"name":"(anonymous_0)","decl":{"start":{"line":5,"column":17},"end":{"line":5,"column":18}},"loc":{"start":{"line":5,"column":37},"end":{"line":28,"column":1}},"line":5},"1":{"name":"(anonymous_1)","decl":{"start":{"line":18,"column":31},"end":{"line":18,"column":32}},"loc":{"start":{"line":18,"column":41},"end":{"line":20,"column":5}},"line":18}},"branchMap":{"0":{"loc":{"start":{"line":7,"column":0},"end":{"line":13,"column":3}},"type":"if","locations":[{"start":{"line":7,"column":0},"end":{"line":13,"column":3}},{"start":{},"end":{}}],"line":7}},"s":{"0":2,"1":2,"2":2,"3":11,"4":11,"5":4,"6":4,"7":4,"8":7,"9":7,"10":7,"11":7,"12":0,"13":0,"14":0},"f":{"0":11,"1":7},"b":{"0":[4,7]},"_coverageSchema":"1a1c01bbd47fc00a2c39e90264f33305004495a9","hash":"fd87dbac4b54934d6c5809edb75024fc9b8e8207"}
,"C:\\Users\\Skywind\\Desktop\\backend\\spa_homework_5W\\models\\comment.js": {"path":"C:\\Users\\Skywind\\Desktop\\backend\\spa_homework_5W\\models\\comment.js","statementMap":{"0":{"start":{"line":2,"column":18},"end":{"line":2,"column":38}},"1":{"start":{"line":3,"column":0},"end":{"line":29,"column":2}},"2":{"start":{"line":14,"column":2},"end":{"line":27,"column":4}},"3":{"start":{"line":28,"column":2},"end":{"line":28,"column":17}}},"fnMap":{"0":{"name":"(anonymous_0)","decl":{"start":{"line":3,"column":17},"end":{"line":3,"column":18}},"loc":{"start":{"line":3,"column":43},"end":{"line":29,"column":1}},"line":3},"1":{"name":"(anonymous_1)","decl":{"start":{"line":10,"column":4},"end":{"line":10,"column":5}},"loc":{"start":{"line":10,"column":29},"end":{"line":12,"column":5}},"line":10}},"branchMap":{},"s":{"0":2,"1":2,"2":2,"3":2},"f":{"0":2,"1":2},"b":{},"_coverageSchema":"1a1c01bbd47fc00a2c39e90264f33305004495a9","hash":"db47137fdd4b91d6444263760cd3556f11c51ac0"}
,"C:\\Users\\Skywind\\Desktop\\backend\\spa_homework_5W\\models\\index.js": {"path":"C:\\Users\\Skywind\\Desktop\\backend\\spa_homework_5W\\models\\index.js","statementMap":{"0":{"start":{"line":3,"column":11},"end":{"line":3,"column":24}},"1":{"start":{"line":4,"column":13},"end":{"line":4,"column":28}},"2":{"start":{"line":5,"column":18},"end":{"line":5,"column":38}},"3":{"start":{"line":6,"column":17},"end":{"line":6,"column":42}},"4":{"start":{"line":7,"column":12},"end":{"line":7,"column":49}},"5":{"start":{"line":8,"column":15},"end":{"line":8,"column":63}},"6":{"start":{"line":9,"column":11},"end":{"line":9,"column":13}},"7":{"start":{"line":12,"column":0},"end":{"line":21,"column":1}},"8":{"start":{"line":13,"column":2},"end":{"line":13,"column":74}},"9":{"start":{"line":15,"column":2},"end":{"line":20,"column":4}},"10":{"start":{"line":23,"column":0},"end":{"line":35,"column":5}},"11":{"start":{"line":25,"column":4},"end":{"line":27,"column":6}},"12":{"start":{"line":30,"column":18},"end":{"line":33,"column":5}},"13":{"start":{"line":34,"column":4},"end":{"line":34,"column":27}},"14":{"start":{"line":37,"column":0},"end":{"line":41,"column":3}},"15":{"start":{"line":38,"column":2},"end":{"line":40,"column":3}},"16":{"start":{"line":39,"column":4},"end":{"line":39,"column":32}},"17":{"start":{"line":43,"column":0},"end":{"line":43,"column":25}},"18":{"start":{"line":44,"column":0},"end":{"line":44,"column":25}},"19":{"start":{"line":46,"column":0},"end":{"line":46,"column":20}}},"fnMap":{"0":{"name":"(anonymous_0)","decl":{"start":{"line":24,"column":10},"end":{"line":24,"column":11}},"loc":{"start":{"line":24,"column":20},"end":{"line":28,"column":3}},"line":24},"1":{"name":"(anonymous_1)","decl":{"start":{"line":29,"column":11},"end":{"line":29,"column":12}},"loc":{"start":{"line":29,"column":21},"end":{"line":35,"column":3}},"line":29},"2":{"name":"(anonymous_2)","decl":{"start":{"line":37,"column":24},"end":{"line":37,"column":25}},"loc":{"start":{"line":37,"column":39},"end":{"line":41,"column":1}},"line":37}},"branchMap":{"0":{"loc":{"start":{"line":7,"column":12},"end":{"line":7,"column":49}},"type":"binary-expr","locations":[{"start":{"line":7,"column":12},"end":{"line":7,"column":32}},{"start":{"line":7,"column":36},"end":{"line":7,"column":49}}],"line":7},"1":{"loc":{"start":{"line":12,"column":0},"end":{"line":21,"column":1}},"type":"if","locations":[{"start":{"line":12,"column":0},"end":{"line":21,"column":1}},{"start":{"line":14,"column":7},"end":{"line":21,"column":1}}],"line":12},"2":{"loc":{"start":{"line":26,"column":6},"end":{"line":26,"column":78}},"type":"binary-expr","locations":[{"start":{"line":26,"column":6},"end":{"line":26,"column":29}},{"start":{"line":26,"column":33},"end":{"line":26,"column":50}},{"start":{"line":26,"column":54},"end":{"line":26,"column":78}}],"line":26},"3":{"loc":{"start":{"line":38,"column":2},"end":{"line":40,"column":3}},"type":"if","locations":[{"start":{"line":38,"column":2},"end":{"line":40,"column":3}},{"start":{},"end":{}}],"line":38}},"s":{"0":2,"1":2,"2":2,"3":2,"4":2,"5":2,"6":2,"7":2,"8":0,"9":2,"10":2,"11":10,"12":8,"13":8,"14":2,"15":8,"16":8,"17":2,"18":2,"19":2},"f":{"0":10,"1":8,"2":8},"b":{"0":[2,0],"1":[0,2],"2":[10,10,8],"3":[8,0]},"_coverageSchema":"1a1c01bbd47fc00a2c39e90264f33305004495a9","hash":"e8d2ef80e15f2ae5e7c87aebf6f4da4d0dc6c77e"}
,"C:\\Users\\Skywind\\Desktop\\backend\\spa_homework_5W\\models\\likey.js": {"path":"C:\\Users\\Skywind\\Desktop\\backend\\spa_homework_5W\\models\\likey.js","statementMap":{"0":{"start":{"line":2,"column":18},"end":{"line":2,"column":38}},"1":{"start":{"line":3,"column":0},"end":{"line":25,"column":2}},"2":{"start":{"line":14,"column":2},"end":{"line":23,"column":4}},"3":{"start":{"line":24,"column":2},"end":{"line":24,"column":15}}},"fnMap":{"0":{"name":"(anonymous_0)","decl":{"start":{"line":3,"column":17},"end":{"line":3,"column":18}},"loc":{"start":{"line":3,"column":43},"end":{"line":25,"column":1}},"line":3},"1":{"name":"(anonymous_1)","decl":{"start":{"line":10,"column":4},"end":{"line":10,"column":5}},"loc":{"start":{"line":10,"column":29},"end":{"line":12,"column":5}},"line":10}},"branchMap":{},"s":{"0":2,"1":2,"2":2,"3":2},"f":{"0":2,"1":2},"b":{},"_coverageSchema":"1a1c01bbd47fc00a2c39e90264f33305004495a9","hash":"915f772b83a95608ea9d9ceb5bb3e07f9a86a501"}
,"C:\\Users\\Skywind\\Desktop\\backend\\spa_homework_5W\\models\\post.js": {"path":"C:\\Users\\Skywind\\Desktop\\backend\\spa_homework_5W\\models\\post.js","statementMap":{"0":{"start":{"line":2,"column":18},"end":{"line":2,"column":38}},"1":{"start":{"line":3,"column":0},"end":{"line":29,"column":2}},"2":{"start":{"line":14,"column":2},"end":{"line":27,"column":4}},"3":{"start":{"line":28,"column":2},"end":{"line":28,"column":14}}},"fnMap":{"0":{"name":"(anonymous_0)","decl":{"start":{"line":3,"column":17},"end":{"line":3,"column":18}},"loc":{"start":{"line":3,"column":43},"end":{"line":29,"column":1}},"line":3},"1":{"name":"(anonymous_1)","decl":{"start":{"line":10,"column":4},"end":{"line":10,"column":5}},"loc":{"start":{"line":10,"column":29},"end":{"line":12,"column":5}},"line":10}},"branchMap":{},"s":{"0":2,"1":2,"2":2,"3":2},"f":{"0":2,"1":2},"b":{},"_coverageSchema":"1a1c01bbd47fc00a2c39e90264f33305004495a9","hash":"bc8380bfb2aac4e05bd28eaa3b1b49872fc21158"}
,"C:\\Users\\Skywind\\Desktop\\backend\\spa_homework_5W\\models\\user.js": {"path":"C:\\Users\\Skywind\\Desktop\\backend\\spa_homework_5W\\models\\user.js","statementMap":{"0":{"start":{"line":2,"column":18},"end":{"line":2,"column":38}},"1":{"start":{"line":3,"column":0},"end":{"line":30,"column":2}},"2":{"start":{"line":14,"column":2},"end":{"line":28,"column":4}},"3":{"start":{"line":29,"column":2},"end":{"line":29,"column":14}}},"fnMap":{"0":{"name":"(anonymous_0)","decl":{"start":{"line":3,"column":17},"end":{"line":3,"column":18}},"loc":{"start":{"line":3,"column":43},"end":{"line":30,"column":1}},"line":3},"1":{"name":"(anonymous_1)","decl":{"start":{"line":10,"column":4},"end":{"line":10,"column":5}},"loc":{"start":{"line":10,"column":29},"end":{"line":12,"column":5}},"line":10}},"branchMap":{},"s":{"0":2,"1":2,"2":2,"3":2},"f":{"0":2,"1":2},"b":{},"_coverageSchema":"1a1c01bbd47fc00a2c39e90264f33305004495a9","hash":"e39c3a5f74d2e8fe819cba323b4bf9c22b73395d"}
,"C:\\Users\\Skywind\\Desktop\\backend\\spa_homework_5W\\repositories\\login.repository.js": {"path":"C:\\Users\\Skywind\\Desktop\\backend\\spa_homework_5W\\repositories\\login.repository.js","statementMap":{"0":{"start":{"line":1,"column":17},"end":{"line":1,"column":37}},"1":{"start":{"line":4,"column":12},"end":{"line":7,"column":5}},"2":{"start":{"line":5,"column":22},"end":{"line":5,"column":71}},"3":{"start":{"line":6,"column":8},"end":{"line":6,"column":21}},"4":{"start":{"line":9,"column":0},"end":{"line":9,"column":33}}},"fnMap":{"0":{"name":"(anonymous_0)","decl":{"start":{"line":4,"column":12},"end":{"line":4,"column":13}},"loc":{"start":{"line":4,"column":41},"end":{"line":7,"column":5}},"line":4}},"branchMap":{},"s":{"0":2,"1":2,"2":11,"3":11,"4":2},"f":{"0":11},"b":{},"_coverageSchema":"1a1c01bbd47fc00a2c39e90264f33305004495a9","hash":"c35dd5564f8e1869a22c4af21eeb8092e7792ccc"}
,"C:\\Users\\Skywind\\Desktop\\backend\\spa_homework_5W\\repositories\\posts.repository.js": {"path":"C:\\Users\\Skywind\\Desktop\\backend\\spa_homework_5W\\repositories\\posts.repository.js","statementMap":{"0":{"start":{"line":1,"column":17},"end":{"line":1,"column":37}},"1":{"start":{"line":2,"column":18},"end":{"line":2,"column":38}},"2":{"start":{"line":5,"column":18},"end":{"line":8,"column":5}},"3":{"start":{"line":6,"column":22},"end":{"line":6,"column":42}},"4":{"start":{"line":7,"column":8},"end":{"line":7,"column":21}},"5":{"start":{"line":10,"column":19},"end":{"line":13,"column":5}},"6":{"start":{"line":11,"column":19},"end":{"line":11,"column":46}},"7":{"start":{"line":12,"column":6},"end":{"line":12,"column":18}},"8":{"start":{"line":15,"column":17},"end":{"line":21,"column":5}},"9":{"start":{"line":16,"column":29},"end":{"line":18,"column":8}},"10":{"start":{"line":20,"column":6},"end":{"line":20,"column":28}},"11":{"start":{"line":23,"column":17},"end":{"line":30,"column":5}},"12":{"start":{"line":25,"column":31},"end":{"line":27,"column":9}},"13":{"start":{"line":29,"column":8},"end":{"line":29,"column":30}},"14":{"start":{"line":31,"column":17},"end":{"line":36,"column":5}},"15":{"start":{"line":32,"column":29},"end":{"line":33,"column":32}},"16":{"start":{"line":35,"column":6},"end":{"line":35,"column":28}},"17":{"start":{"line":37,"column":21},"end":{"line":48,"column":5}},"18":{"start":{"line":38,"column":6},"end":{"line":41,"column":7}},"19":{"start":{"line":39,"column":22},"end":{"line":39,"column":66}},"20":{"start":{"line":40,"column":8},"end":{"line":40,"column":21}},"21":{"start":{"line":42,"column":6},"end":{"line":46,"column":7}},"22":{"start":{"line":44,"column":23},"end":{"line":44,"column":67}},"23":{"start":{"line":45,"column":8},"end":{"line":45,"column":22}},"24":{"start":{"line":59,"column":19},"end":{"line":62,"column":5}},"25":{"start":{"line":60,"column":19},"end":{"line":60,"column":62}},"26":{"start":{"line":61,"column":6},"end":{"line":61,"column":18}},"27":{"start":{"line":63,"column":17},"end":{"line":66,"column":5}},"28":{"start":{"line":64,"column":29},"end":{"line":64,"column":64}},"29":{"start":{"line":65,"column":6},"end":{"line":65,"column":28}},"30":{"start":{"line":67,"column":17},"end":{"line":72,"column":5}},"31":{"start":{"line":68,"column":6},"end":{"line":68,"column":33}},"32":{"start":{"line":69,"column":29},"end":{"line":69,"column":73}},"33":{"start":{"line":70,"column":6},"end":{"line":70,"column":28}},"34":{"start":{"line":73,"column":17},"end":{"line":77,"column":5}},"35":{"start":{"line":75,"column":29},"end":{"line":75,"column":97}},"36":{"start":{"line":76,"column":6},"end":{"line":76,"column":28}},"37":{"start":{"line":79,"column":0},"end":{"line":79,"column":32}}},"fnMap":{"0":{"name":"(anonymous_0)","decl":{"start":{"line":5,"column":18},"end":{"line":5,"column":19}},"loc":{"start":{"line":5,"column":29},"end":{"line":8,"column":5}},"line":5},"1":{"name":"(anonymous_1)","decl":{"start":{"line":10,"column":19},"end":{"line":10,"column":20}},"loc":{"start":{"line":10,"column":36},"end":{"line":13,"column":5}},"line":10},"2":{"name":"(anonymous_2)","decl":{"start":{"line":15,"column":17},"end":{"line":15,"column":18}},"loc":{"start":{"line":15,"column":58},"end":{"line":21,"column":5}},"line":15},"3":{"name":"(anonymous_3)","decl":{"start":{"line":23,"column":17},"end":{"line":23,"column":18}},"loc":{"start":{"line":23,"column":50},"end":{"line":30,"column":5}},"line":23},"4":{"name":"(anonymous_4)","decl":{"start":{"line":31,"column":17},"end":{"line":31,"column":18}},"loc":{"start":{"line":31,"column":34},"end":{"line":36,"column":5}},"line":31},"5":{"name":"(anonymous_5)","decl":{"start":{"line":37,"column":21},"end":{"line":37,"column":22}},"loc":{"start":{"line":37,"column":45},"end":{"line":48,"column":5}},"line":37},"6":{"name":"(anonymous_6)","decl":{"start":{"line":59,"column":19},"end":{"line":59,"column":20}},"loc":{"start":{"line":59,"column":36},"end":{"line":62,"column":5}},"line":59},"7":{"name":"(anonymous_7)","decl":{"start":{"line":63,"column":17},"end":{"line":63,"column":18}},"loc":{"start":{"line":63,"column":42},"end":{"line":66,"column":5}},"line":63},"8":{"name":"(anonymous_8)","decl":{"start":{"line":67,"column":17},"end":{"line":67,"column":18}},"loc":{"start":{"line":67,"column":42},"end":{"line":72,"column":5}},"line":67},"9":{"name":"(anonymous_9)","decl":{"start":{"line":73,"column":17},"end":{"line":73,"column":18}},"loc":{"start":{"line":73,"column":45},"end":{"line":77,"column":5}},"line":73}},"branchMap":{"0":{"loc":{"start":{"line":38,"column":6},"end":{"line":41,"column":7}},"type":"if","locations":[{"start":{"line":38,"column":6},"end":{"line":41,"column":7}},{"start":{},"end":{}}],"line":38},"1":{"loc":{"start":{"line":42,"column":6},"end":{"line":46,"column":7}},"type":"if","locations":[{"start":{"line":42,"column":6},"end":{"line":46,"column":7}},{"start":{},"end":{}}],"line":42}},"s":{"0":2,"1":2,"2":2,"3":1,"4":1,"5":2,"6":5,"7":5,"8":2,"9":1,"10":1,"11":2,"12":1,"13":1,"14":2,"15":1,"16":1,"17":2,"18":2,"19":0,"20":0,"21":2,"22":2,"23":0,"24":2,"25":0,"26":0,"27":2,"28":0,"29":0,"30":2,"31":0,"32":0,"33":0,"34":2,"35":0,"36":0,"37":2},"f":{"0":1,"1":5,"2":1,"3":1,"4":1,"5":2,"6":0,"7":0,"8":0,"9":0},"b":{"0":[0,2],"1":[2,0]},"_coverageSchema":"1a1c01bbd47fc00a2c39e90264f33305004495a9","hash":"c4c0a233a24f17f5effadba18ef3da99fdfe9f20"}
,"C:\\Users\\Skywind\\Desktop\\backend\\spa_homework_5W\\repositories\\users.repository.js": {"path":"C:\\Users\\Skywind\\Desktop\\backend\\spa_homework_5W\\repositories\\users.repository.js","statementMap":{"0":{"start":{"line":1,"column":17},"end":{"line":1,"column":37}},"1":{"start":{"line":4,"column":17},"end":{"line":7,"column":5}},"2":{"start":{"line":5,"column":22},"end":{"line":5,"column":70}},"3":{"start":{"line":6,"column":8},"end":{"line":6,"column":21}},"4":{"start":{"line":9,"column":18},"end":{"line":12,"column":5}},"5":{"start":{"line":10,"column":22},"end":{"line":10,"column":59}},"6":{"start":{"line":11,"column":8},"end":{"line":11,"column":21}},"7":{"start":{"line":14,"column":0},"end":{"line":14,"column":32}}},"fnMap":{"0":{"name":"(anonymous_0)","decl":{"start":{"line":4,"column":17},"end":{"line":4,"column":18}},"loc":{"start":{"line":4,"column":55},"end":{"line":7,"column":5}},"line":4},"1":{"name":"(anonymous_1)","decl":{"start":{"line":9,"column":18},"end":{"line":9,"column":19}},"loc":{"start":{"line":9,"column":37},"end":{"line":12,"column":5}},"line":9}},"branchMap":{},"s":{"0":2,"1":2,"2":1,"3":0,"4":2,"5":1,"6":1,"7":2},"f":{"0":1,"1":1},"b":{},"_coverageSchema":"1a1c01bbd47fc00a2c39e90264f33305004495a9","hash":"0fc1281d80e1c80af91c47ccfb51d3a1d3f7e441"}
,"C:\\Users\\Skywind\\Desktop\\backend\\spa_homework_5W\\routes\\comments.js": {"path":"C:\\Users\\Skywind\\Desktop\\backend\\spa_homework_5W\\routes\\comments.js","statementMap":{"0":{"start":{"line":1,"column":16},"end":{"line":1,"column":34}},"1":{"start":{"line":2,"column":15},"end":{"line":2,"column":31}},"2":{"start":{"line":3,"column":20},"end":{"line":3,"column":40}},"3":{"start":{"line":4,"column":23},"end":{"line":4,"column":64}},"4":{"start":{"line":5,"column":12},"end":{"line":5,"column":35}},"5":{"start":{"line":8,"column":0},"end":{"line":31,"column":3}},"6":{"start":{"line":9,"column":21},"end":{"line":9,"column":38}},"7":{"start":{"line":10,"column":31},"end":{"line":10,"column":70}},"8":{"start":{"line":11,"column":22},"end":{"line":11,"column":30}},"9":{"start":{"line":12,"column":21},"end":{"line":12,"column":31}},"10":{"start":{"line":13,"column":2},"end":{"line":17,"column":3}},"11":{"start":{"line":14,"column":4},"end":{"line":16,"column":64}},"12":{"start":{"line":19,"column":26},"end":{"line":25,"column":4}},"13":{"start":{"line":27,"column":2},"end":{"line":30,"column":5}},"14":{"start":{"line":33,"column":0},"end":{"line":51,"column":3}},"15":{"start":{"line":34,"column":21},"end":{"line":34,"column":31}},"16":{"start":{"line":35,"column":18},"end":{"line":35,"column":62}},"17":{"start":{"line":37,"column":25},"end":{"line":41,"column":14}},"18":{"start":{"line":39,"column":6},"end":{"line":39,"column":69}},"19":{"start":{"line":42,"column":2},"end":{"line":50,"column":5}},"20":{"start":{"line":43,"column":50},"end":{"line":49,"column":5}},"21":{"start":{"line":53,"column":0},"end":{"line":83,"column":3}},"22":{"start":{"line":54,"column":24},"end":{"line":54,"column":34}},"23":{"start":{"line":55,"column":21},"end":{"line":55,"column":38}},"24":{"start":{"line":56,"column":31},"end":{"line":56,"column":70}},"25":{"start":{"line":57,"column":22},"end":{"line":57,"column":30}},"26":{"start":{"line":58,"column":20},"end":{"line":58,"column":71}},"27":{"start":{"line":59,"column":2},"end":{"line":77,"column":3}},"28":{"start":{"line":60,"column":4},"end":{"line":65,"column":9}},"29":{"start":{"line":66,"column":9},"end":{"line":77,"column":3}},"30":{"start":{"line":67,"column":4},"end":{"line":69,"column":64}},"31":{"start":{"line":70,"column":9},"end":{"line":77,"column":3}},"32":{"start":{"line":71,"column":4},"end":{"line":76,"column":9}},"33":{"start":{"line":78,"column":2},"end":{"line":78,"column":66}},"34":{"start":{"line":79,"column":2},"end":{"line":82,"column":5}},"35":{"start":{"line":85,"column":0},"end":{"line":104,"column":3}},"36":{"start":{"line":86,"column":24},"end":{"line":86,"column":34}},"37":{"start":{"line":87,"column":21},"end":{"line":87,"column":38}},"38":{"start":{"line":88,"column":31},"end":{"line":88,"column":70}},"39":{"start":{"line":89,"column":25},"end":{"line":89,"column":76}},"40":{"start":{"line":91,"column":2},"end":{"line":98,"column":3}},"41":{"start":{"line":92,"column":4},"end":{"line":97,"column":9}},"42":{"start":{"line":99,"column":2},"end":{"line":99,"column":54}},"43":{"start":{"line":100,"column":2},"end":{"line":103,"column":5}},"44":{"start":{"line":105,"column":0},"end":{"line":105,"column":24}}},"fnMap":{"0":{"name":"(anonymous_0)","decl":{"start":{"line":8,"column":49},"end":{"line":8,"column":50}},"loc":{"start":{"line":8,"column":69},"end":{"line":31,"column":1}},"line":8},"1":{"name":"(anonymous_1)","decl":{"start":{"line":33,"column":32},"end":{"line":33,"column":33}},"loc":{"start":{"line":33,"column":52},"end":{"line":51,"column":1}},"line":33},"2":{"name":"(anonymous_2)","decl":{"start":{"line":38,"column":10},"end":{"line":38,"column":11}},"loc":{"start":{"line":38,"column":26},"end":{"line":40,"column":5}},"line":38},"3":{"name":"(anonymous_3)","decl":{"start":{"line":43,"column":29},"end":{"line":43,"column":30}},"loc":{"start":{"line":43,"column":50},"end":{"line":49,"column":5}},"line":43},"4":{"name":"(anonymous_4)","decl":{"start":{"line":53,"column":51},"end":{"line":53,"column":52}},"loc":{"start":{"line":53,"column":71},"end":{"line":83,"column":1}},"line":53},"5":{"name":"(anonymous_5)","decl":{"start":{"line":85,"column":54},"end":{"line":85,"column":55}},"loc":{"start":{"line":85,"column":74},"end":{"line":104,"column":1}},"line":85}},"branchMap":{"0":{"loc":{"start":{"line":13,"column":2},"end":{"line":17,"column":3}},"type":"if","locations":[{"start":{"line":13,"column":2},"end":{"line":17,"column":3}},{"start":{},"end":{}}],"line":13},"1":{"loc":{"start":{"line":59,"column":2},"end":{"line":77,"column":3}},"type":"if","locations":[{"start":{"line":59,"column":2},"end":{"line":77,"column":3}},{"start":{"line":66,"column":9},"end":{"line":77,"column":3}}],"line":59},"2":{"loc":{"start":{"line":66,"column":9},"end":{"line":77,"column":3}},"type":"if","locations":[{"start":{"line":66,"column":9},"end":{"line":77,"column":3}},{"start":{"line":70,"column":9},"end":{"line":77,"column":3}}],"line":66},"3":{"loc":{"start":{"line":70,"column":9},"end":{"line":77,"column":3}},"type":"if","locations":[{"start":{"line":70,"column":9},"end":{"line":77,"column":3}},{"start":{},"end":{}}],"line":70},"4":{"loc":{"start":{"line":91,"column":2},"end":{"line":98,"column":3}},"type":"if","locations":[{"start":{"line":91,"column":2},"end":{"line":98,"column":3}},{"start":{},"end":{}}],"line":91}},"s":{"0":2,"1":2,"2":2,"3":2,"4":2,"5":2,"6":0,"7":0,"8":0,"9":0,"10":0,"11":0,"12":0,"13":0,"14":2,"15":0,"16":0,"17":0,"18":0,"19":0,"20":0,"21":2,"22":0,"23":0,"24":0,"25":0,"26":0,"27":0,"28":0,"29":0,"30":0,"31":0,"32":0,"33":0,"34":0,"35":2,"36":0,"37":0,"38":0,"39":0,"40":0,"41":0,"42":0,"43":0,"44":2},"f":{"0":0,"1":0,"2":0,"3":0,"4":0,"5":0},"b":{"0":[0,0],"1":[0,0],"2":[0,0],"3":[0,0],"4":[0,0]},"_coverageSchema":"1a1c01bbd47fc00a2c39e90264f33305004495a9","hash":"224b8b8c760e748c1b61f02354e6dfb349a9f5f3"}
,"C:\\Users\\Skywind\\Desktop\\backend\\spa_homework_5W\\routes\\login.js": {"path":"C:\\Users\\Skywind\\Desktop\\backend\\spa_homework_5W\\routes\\login.js","statementMap":{"0":{"start":{"line":1,"column":16},"end":{"line":1,"column":34}},"1":{"start":{"line":2,"column":15},"end":{"line":2,"column":31}},"2":{"start":{"line":3,"column":24},"end":{"line":3,"column":66}},"3":{"start":{"line":4,"column":24},"end":{"line":4,"column":45}},"4":{"start":{"line":5,"column":0},"end":{"line":5,"column":27}},"5":{"start":{"line":11,"column":0},"end":{"line":11,"column":45}},"6":{"start":{"line":13,"column":0},"end":{"line":13,"column":24}}},"fnMap":{},"branchMap":{},"s":{"0":2,"1":2,"2":2,"3":2,"4":2,"5":2,"6":2},"f":{},"b":{},"_coverageSchema":"1a1c01bbd47fc00a2c39e90264f33305004495a9","hash":"064fec6b713954621e390731939165a0188ff751"}
,"C:\\Users\\Skywind\\Desktop\\backend\\spa_homework_5W\\routes\\posts.js": {"path":"C:\\Users\\Skywind\\Desktop\\backend\\spa_homework_5W\\routes\\posts.js","statementMap":{"0":{"start":{"line":1,"column":16},"end":{"line":1,"column":34}},"1":{"start":{"line":2,"column":15},"end":{"line":2,"column":31}},"2":{"start":{"line":3,"column":23},"end":{"line":3,"column":64}},"3":{"start":{"line":4,"column":24},"end":{"line":4,"column":66}},"4":{"start":{"line":5,"column":24},"end":{"line":5,"column":45}},"5":{"start":{"line":7,"column":0},"end":{"line":7,"column":46}},"6":{"start":{"line":8,"column":0},"end":{"line":8,"column":67}},"7":{"start":{"line":9,"column":0},"end":{"line":9,"column":55}},"8":{"start":{"line":10,"column":0},"end":{"line":10,"column":66}},"9":{"start":{"line":11,"column":0},"end":{"line":11,"column":75}},"10":{"start":{"line":12,"column":0},"end":{"line":12,"column":73}},"11":{"start":{"line":13,"column":0},"end":{"line":13,"column":76}},"12":{"start":{"line":15,"column":0},"end":{"line":15,"column":24}}},"fnMap":{},"branchMap":{},"s":{"0":2,"1":2,"2":2,"3":2,"4":2,"5":2,"6":2,"7":2,"8":2,"9":2,"10":2,"11":2,"12":2},"f":{},"b":{},"_coverageSchema":"1a1c01bbd47fc00a2c39e90264f33305004495a9","hash":"7a44d5c5fb9ff31812bca3880f142d4a01e99a07"}
,"C:\\Users\\Skywind\\Desktop\\backend\\spa_homework_5W\\routes\\users.js": {"path":"C:\\Users\\Skywind\\Desktop\\backend\\spa_homework_5W\\routes\\users.js","statementMap":{"0":{"start":{"line":1,"column":16},"end":{"line":1,"column":34}},"1":{"start":{"line":2,"column":15},"end":{"line":2,"column":31}},"2":{"start":{"line":3,"column":24},"end":{"line":3,"column":66}},"3":{"start":{"line":4,"column":24},"end":{"line":4,"column":45}},"4":{"start":{"line":6,"column":0},"end":{"line":6,"column":50}},"5":{"start":{"line":8,"column":0},"end":{"line":8,"column":24}}},"fnMap":{},"branchMap":{},"s":{"0":2,"1":2,"2":2,"3":2,"4":2,"5":2},"f":{},"b":{},"_coverageSchema":"1a1c01bbd47fc00a2c39e90264f33305004495a9","hash":"4658ec036acf719938cda88c22683b90d6ea33f3"}
,"C:\\Users\\Skywind\\Desktop\\backend\\spa_homework_5W\\services\\login.service.js": {"path":"C:\\Users\\Skywind\\Desktop\\backend\\spa_homework_5W\\services\\login.service.js","statementMap":{"0":{"start":{"line":1,"column":24},"end":{"line":1,"column":67}},"1":{"start":{"line":4,"column":22},"end":{"line":4,"column":43}},"2":{"start":{"line":6,"column":12},"end":{"line":13,"column":5}},"3":{"start":{"line":7,"column":25},"end":{"line":7,"column":77}},"4":{"start":{"line":8,"column":8},"end":{"line":12,"column":10}},"5":{"start":{"line":15,"column":0},"end":{"line":15,"column":30}}},"fnMap":{"0":{"name":"(anonymous_0)","decl":{"start":{"line":6,"column":12},"end":{"line":6,"column":13}},"loc":{"start":{"line":6,"column":41},"end":{"line":13,"column":5}},"line":6}},"branchMap":{},"s":{"0":2,"1":2,"2":2,"3":11,"4":11,"5":2},"f":{"0":11},"b":{},"_coverageSchema":"1a1c01bbd47fc00a2c39e90264f33305004495a9","hash":"82d717fdc636b7cb196808dbef58efbccb3fd144"}
,"C:\\Users\\Skywind\\Desktop\\backend\\spa_homework_5W\\services\\posts.service.js": {"path":"C:\\Users\\Skywind\\Desktop\\backend\\spa_homework_5W\\services\\posts.service.js","statementMap":{"0":{"start":{"line":1,"column":23},"end":{"line":1,"column":66}},"1":{"start":{"line":4,"column":21},"end":{"line":4,"column":41}},"2":{"start":{"line":7,"column":18},"end":{"line":26,"column":5}},"3":{"start":{"line":8,"column":24},"end":{"line":8,"column":63}},"4":{"start":{"line":10,"column":8},"end":{"line":12,"column":11}},"5":{"start":{"line":11,"column":12},"end":{"line":11,"column":45}},"6":{"start":{"line":14,"column":8},"end":{"line":25,"column":11}},"7":{"start":{"line":15,"column":12},"end":{"line":24,"column":14}},"8":{"start":{"line":28,"column":19},"end":{"line":43,"column":5}},"9":{"start":{"line":30,"column":25},"end":{"line":30,"column":71}},"10":{"start":{"line":32,"column":8},"end":{"line":40,"column":12}},"11":{"start":{"line":45,"column":17},"end":{"line":58,"column":5}},"12":{"start":{"line":47,"column":27},"end":{"line":47,"column":95}},"13":{"start":{"line":48,"column":8},"end":{"line":57,"column":10}},"14":{"start":{"line":60,"column":17},"end":{"line":86,"column":5}},"15":{"start":{"line":62,"column":25},"end":{"line":62,"column":71}},"16":{"start":{"line":65,"column":8},"end":{"line":68,"column":9}},"17":{"start":{"line":66,"column":12},"end":{"line":66,"column":30}},"18":{"start":{"line":69,"column":8},"end":{"line":72,"column":9}},"19":{"start":{"line":70,"column":12},"end":{"line":70,"column":30}},"20":{"start":{"line":74,"column":27},"end":{"line":74,"column":87}},"21":{"start":{"line":76,"column":8},"end":{"line":84,"column":10}},"22":{"start":{"line":88,"column":17},"end":{"line":111,"column":5}},"23":{"start":{"line":89,"column":25},"end":{"line":89,"column":71}},"24":{"start":{"line":90,"column":8},"end":{"line":94,"column":9}},"25":{"start":{"line":92,"column":12},"end":{"line":92,"column":30}},"26":{"start":{"line":95,"column":8},"end":{"line":98,"column":9}},"27":{"start":{"line":96,"column":12},"end":{"line":96,"column":30}},"28":{"start":{"line":100,"column":12},"end":{"line":100,"column":57}},"29":{"start":{"line":102,"column":8},"end":{"line":110,"column":12}},"30":{"start":{"line":112,"column":14},"end":{"line":128,"column":5}},"31":{"start":{"line":114,"column":21},"end":{"line":114,"column":79}},"32":{"start":{"line":115,"column":25},"end":{"line":115,"column":77}},"33":{"start":{"line":116,"column":24},"end":{"line":116,"column":28}},"34":{"start":{"line":117,"column":8},"end":{"line":124,"column":9}},"35":{"start":{"line":117,"column":21},"end":{"line":117,"column":22}},"36":{"start":{"line":118,"column":12},"end":{"line":123,"column":13}},"37":{"start":{"line":119,"column":16},"end":{"line":122,"column":17}},"38":{"start":{"line":120,"column":24},"end":{"line":120,"column":42}},"39":{"start":{"line":121,"column":24},"end":{"line":121,"column":77}},"40":{"start":{"line":125,"column":26},"end":{"line":125,"column":84}},"41":{"start":{"line":126,"column":8},"end":{"line":126,"column":64}},"42":{"start":{"line":127,"column":8},"end":{"line":127,"column":25}},"43":{"start":{"line":130,"column":19},"end":{"line":154,"column":5}},"44":{"start":{"line":131,"column":22},"end":{"line":131,"column":24}},"45":{"start":{"line":132,"column":26},"end":{"line":132,"column":84}},"46":{"start":{"line":134,"column":8},"end":{"line":136,"column":9}},"47":{"start":{"line":134,"column":21},"end":{"line":134,"column":22}},"48":{"start":{"line":135,"column":12},"end":{"line":135,"column":44}},"49":{"start":{"line":138,"column":29},"end":{"line":138,"column":74}},"50":{"start":{"line":140,"column":28},"end":{"line":142,"column":10}},"51":{"start":{"line":141,"column":12},"end":{"line":141,"column":35}},"52":{"start":{"line":144,"column":8},"end":{"line":153,"column":12}},"53":{"start":{"line":145,"column":54},"end":{"line":152,"column":13}},"54":{"start":{"line":157,"column":0},"end":{"line":157,"column":29}}},"fnMap":{"0":{"name":"(anonymous_0)","decl":{"start":{"line":7,"column":18},"end":{"line":7,"column":19}},"loc":{"start":{"line":7,"column":30},"end":{"line":26,"column":5}},"line":7},"1":{"name":"(anonymous_1)","decl":{"start":{"line":10,"column":21},"end":{"line":10,"column":22}},"loc":{"start":{"line":10,"column":30},"end":{"line":12,"column":9}},"line":10},"2":{"name":"(anonymous_2)","decl":{"start":{"line":14,"column":27},"end":{"line":14,"column":28}},"loc":{"start":{"line":14,"column":37},"end":{"line":25,"column":9}},"line":14},"3":{"name":"(anonymous_3)","decl":{"start":{"line":28,"column":19},"end":{"line":28,"column":20}},"loc":{"start":{"line":28,"column":36},"end":{"line":43,"column":5}},"line":28},"4":{"name":"(anonymous_4)","decl":{"start":{"line":45,"column":17},"end":{"line":45,"column":18}},"loc":{"start":{"line":45,"column":57},"end":{"line":58,"column":5}},"line":45},"5":{"name":"(anonymous_5)","decl":{"start":{"line":60,"column":17},"end":{"line":60,"column":18}},"loc":{"start":{"line":60,"column":68},"end":{"line":86,"column":5}},"line":60},"6":{"name":"(anonymous_6)","decl":{"start":{"line":88,"column":17},"end":{"line":88,"column":18}},"loc":{"start":{"line":88,"column":52},"end":{"line":111,"column":5}},"line":88},"7":{"name":"(anonymous_7)","decl":{"start":{"line":112,"column":14},"end":{"line":112,"column":15}},"loc":{"start":{"line":112,"column":47},"end":{"line":128,"column":5}},"line":112},"8":{"name":"(anonymous_8)","decl":{"start":{"line":130,"column":19},"end":{"line":130,"column":20}},"loc":{"start":{"line":130,"column":36},"end":{"line":154,"column":5}},"line":130},"9":{"name":"(anonymous_9)","decl":{"start":{"line":140,"column":46},"end":{"line":140,"column":47}},"loc":{"start":{"line":140,"column":62},"end":{"line":142,"column":9}},"line":140},"10":{"name":"(anonymous_10)","decl":{"start":{"line":145,"column":36},"end":{"line":145,"column":37}},"loc":{"start":{"line":145,"column":54},"end":{"line":152,"column":13}},"line":145}},"branchMap":{"0":{"loc":{"start":{"line":65,"column":8},"end":{"line":68,"column":9}},"type":"if","locations":[{"start":{"line":65,"column":8},"end":{"line":68,"column":9}},{"start":{},"end":{}}],"line":65},"1":{"loc":{"start":{"line":69,"column":8},"end":{"line":72,"column":9}},"type":"if","locations":[{"start":{"line":69,"column":8},"end":{"line":72,"column":9}},{"start":{},"end":{}}],"line":69},"2":{"loc":{"start":{"line":90,"column":8},"end":{"line":94,"column":9}},"type":"if","locations":[{"start":{"line":90,"column":8},"end":{"line":94,"column":9}},{"start":{},"end":{}}],"line":90},"3":{"loc":{"start":{"line":95,"column":8},"end":{"line":98,"column":9}},"type":"if","locations":[{"start":{"line":95,"column":8},"end":{"line":98,"column":9}},{"start":{},"end":{}}],"line":95},"4":{"loc":{"start":{"line":118,"column":12},"end":{"line":123,"column":13}},"type":"if","locations":[{"start":{"line":118,"column":12},"end":{"line":123,"column":13}},{"start":{},"end":{}}],"line":118},"5":{"loc":{"start":{"line":119,"column":16},"end":{"line":122,"column":17}},"type":"if","locations":[{"start":{"line":119,"column":16},"end":{"line":122,"column":17}},{"start":{},"end":{}}],"line":119}},"s":{"0":2,"1":2,"2":2,"3":1,"4":1,"5":165,"6":1,"7":60,"8":2,"9":1,"10":1,"11":2,"12":1,"13":1,"14":2,"15":2,"16":2,"17":0,"18":2,"19":1,"20":1,"21":1,"22":2,"23":2,"24":2,"25":0,"26":2,"27":1,"28":1,"29":1,"30":2,"31":1,"32":0,"33":0,"34":0,"35":0,"36":0,"37":0,"38":0,"39":0,"40":0,"41":0,"42":0,"43":2,"44":1,"45":1,"46":0,"47":0,"48":0,"49":0,"50":0,"51":0,"52":0,"53":0,"54":2},"f":{"0":1,"1":165,"2":60,"3":1,"4":1,"5":2,"6":2,"7":1,"8":1,"9":0,"10":0},"b":{"0":[0,2],"1":[1,1],"2":[0,2],"3":[1,1],"4":[0,0],"5":[0,0]},"_coverageSchema":"1a1c01bbd47fc00a2c39e90264f33305004495a9","hash":"564205914407cbdeeec76663ac52dbba85821160"}
,"C:\\Users\\Skywind\\Desktop\\backend\\spa_homework_5W\\services\\users.service.js": {"path":"C:\\Users\\Skywind\\Desktop\\backend\\spa_homework_5W\\services\\users.service.js","statementMap":{"0":{"start":{"line":1,"column":23},"end":{"line":1,"column":66}},"1":{"start":{"line":4,"column":21},"end":{"line":4,"column":41}},"2":{"start":{"line":6,"column":17},"end":{"line":16,"column":5}},"3":{"start":{"line":7,"column":31},"end":{"line":7,"column":96}},"4":{"start":{"line":8,"column":8},"end":{"line":15,"column":10}},"5":{"start":{"line":18,"column":18},"end":{"line":24,"column":5}},"6":{"start":{"line":19,"column":25},"end":{"line":19,"column":72}},"7":{"start":{"line":21,"column":8},"end":{"line":23,"column":10}},"8":{"start":{"line":26,"column":0},"end":{"line":26,"column":29}}},"fnMap":{"0":{"name":"(anonymous_0)","decl":{"start":{"line":6,"column":17},"end":{"line":6,"column":18}},"loc":{"start":{"line":6,"column":55},"end":{"line":16,"column":5}},"line":6},"1":{"name":"(anonymous_1)","decl":{"start":{"line":18,"column":18},"end":{"line":18,"column":19}},"loc":{"start":{"line":18,"column":37},"end":{"line":24,"column":5}},"line":18}},"branchMap":{},"s":{"0":2,"1":2,"2":2,"3":1,"4":0,"5":2,"6":1,"7":1,"8":2},"f":{"0":1,"1":1},"b":{},"_coverageSchema":"1a1c01bbd47fc00a2c39e90264f33305004495a9","hash":"6ac99aa653e1802630ccb590444b9ae4be9daa5c"}
,"C:\\Users\\Skywind\\Desktop\\backend\\spa_homework_5W\\test\\data\\Post-Data.js": {"path":"C:\\Users\\Skywind\\Desktop\\backend\\spa_homework_5W\\test\\data\\Post-Data.js","statementMap":{"0":{"start":{"line":1,"column":20},"end":{"line":4,"column":1}},"1":{"start":{"line":5,"column":20},"end":{"line":8,"column":1}},"2":{"start":{"line":9,"column":20},"end":{"line":16,"column":40}},"3":{"start":{"line":17,"column":0},"end":{"line":22,"column":2}}},"fnMap":{},"branchMap":{},"s":{"0":1,"1":1,"2":1,"3":1},"f":{},"b":{},"_coverageSchema":"1a1c01bbd47fc00a2c39e90264f33305004495a9","hash":"d495a9f5f76988f6f823c6066a8bd57bdc029cbc"}
,"C:\\Users\\Skywind\\Desktop\\backend\\spa_homework_5W\\test\\data\\User-Data.js": {"path":"C:\\Users\\Skywind\\Desktop\\backend\\spa_homework_5W\\test\\data\\User-Data.js","statementMap":{"0":{"start":{"line":1,"column":20},"end":{"line":5,"column":3}},"1":{"start":{"line":6,"column":22},"end":{"line":10,"column":3}},"2":{"start":{"line":11,"column":21},"end":{"line":14,"column":3}},"3":{"start":{"line":15,"column":21},"end":{"line":18,"column":3}},"4":{"start":{"line":20,"column":25},"end":{"line":23,"column":3}},"5":{"start":{"line":25,"column":29},"end":{"line":32,"column":3}},"6":{"start":{"line":34,"column":2},"end":{"line":34,"column":108}}},"fnMap":{},"branchMap":{},"s":{"0":1,"1":1,"2":1,"3":1,"4":1,"5":1,"6":1},"f":{},"b":{},"_coverageSchema":"1a1c01bbd47fc00a2c39e90264f33305004495a9","hash":"2bd5da7e01c4328e19e5ff2c37b6ccf5721a86df"}
}
