TN:
SF:app.js
FN:16,(anonymous_0)
FN:19,(anonymous_1)
FNF:2
FNH:1
FNDA:0,(anonymous_0)
FNDA:1,(anonymous_1)
DA:1,2
DA:2,2
DA:3,2
DA:4,2
DA:5,2
DA:6,2
DA:8,2
DA:9,2
DA:10,2
DA:11,2
DA:12,2
DA:13,2
DA:14,2
DA:15,2
DA:16,2
DA:17,0
DA:19,2
DA:20,1
DA:23,2
LF:19
LH:18
BRF:0
BRH:0
end_of_record
TN:
SF:config\config.js
FNF:0
FNH:0
DA:1,2
DA:2,2
DA:3,2
DA:10,2
DA:18,2
DA:27,2
LF:6
LH:6
BRF:0
BRH:0
end_of_record
TN:
SF:controllers\login.controller.js
FN:9,(anonymous_0)
FNF:1
FNH:1
FNDA:11,(anonymous_0)
DA:1,2
DA:2,2
DA:3,2
DA:6,2
DA:9,2
DA:10,11
DA:11,0
DA:15,0
DA:18,11
DA:19,11
DA:21,11
DA:22,0
DA:26,0
DA:29,11
DA:30,11
DA:31,11
DA:33,11
DA:39,2
LF:18
LH:14
BRDA:10,0,0,0
BRDA:10,0,1,11
BRDA:21,1,0,0
BRDA:21,1,1,11
BRF:4
BRH:2
end_of_record
TN:
SF:controllers\posts.controller.js
FN:7,(anonymous_0)
FN:12,(anonymous_1)
FN:19,(anonymous_2)
FN:26,(anonymous_3)
FN:34,(anonymous_4)
FN:50,(anonymous_5)
FN:64,(anonymous_6)
FNF:7
FNH:7
FNDA:1,(anonymous_0)
FNDA:1,(anonymous_1)
FNDA:1,(anonymous_2)
FNDA:1,(anonymous_3)
FNDA:2,(anonymous_4)
FNDA:2,(anonymous_5)
FNDA:1,(anonymous_6)
DA:1,2
DA:2,2
DA:5,2
DA:7,2
DA:8,1
DA:9,1
DA:12,2
DA:13,1
DA:15,1
DA:16,1
DA:19,2
DA:20,1
DA:21,1
DA:22,1
DA:23,0
DA:26,2
DA:27,1
DA:28,1
DA:29,1
DA:30,1
DA:31,1
DA:34,2
DA:35,2
DA:36,2
DA:37,2
DA:38,2
DA:40,2
DA:41,2
DA:42,0
DA:44,2
DA:45,1
DA:47,1
DA:50,2
DA:51,2
DA:52,2
DA:53,2
DA:54,2
DA:55,2
DA:56,0
DA:58,2
DA:59,1
DA:61,1
DA:64,2
DA:65,1
DA:66,1
DA:67,1
DA:68,1
DA:69,0
DA:70,0
DA:73,0
DA:79,2
LF:51
LH:45
BRDA:41,0,0,0
BRDA:41,0,1,2
BRDA:44,1,0,1
BRDA:44,1,1,1
BRDA:55,2,0,0
BRDA:55,2,1,2
BRDA:58,3,0,1
BRDA:58,3,1,1
BRDA:69,4,0,0
BRDA:69,4,1,0
BRF:10
BRH:6
end_of_record
TN:
SF:controllers\users.controller.js
FN:8,(anonymous_0)
FNF:1
FNH:1
FNDA:1,(anonymous_0)
DA:1,2
DA:2,2
DA:5,2
DA:8,2
DA:9,1
DA:10,1
DA:11,1
DA:12,1
DA:14,1
DA:15,0
DA:21,1
DA:22,0
DA:28,1
DA:29,0
DA:35,1
DA:36,0
DA:42,1
DA:43,1
DA:49,1
DA:50,0
DA:56,1
DA:57,0
DA:63,2
LF:23
LH:17
BRDA:14,0,0,0
BRDA:14,0,1,1
BRDA:21,1,0,0
BRDA:21,1,1,1
BRDA:28,2,0,0
BRDA:28,2,1,1
BRDA:35,3,0,0
BRDA:35,3,1,1
BRDA:42,4,0,1
BRDA:42,4,1,0
BRDA:49,5,0,0
BRDA:49,5,1,1
BRF:12
BRH:6
end_of_record
TN:
SF:middlewares\auth-middleware.js
FN:5,(anonymous_0)
FN:18,(anonymous_1)
FNF:2
FNH:2
FNDA:11,(anonymous_0)
FNDA:7,(anonymous_1)
DA:1,2
DA:2,2
DA:5,2
DA:6,11
DA:7,11
DA:8,4
DA:11,4
DA:12,4
DA:15,7
DA:16,7
DA:18,7
DA:19,7
DA:22,0
DA:25,0
DA:26,0
LF:15
LH:12
BRDA:7,0,0,4
BRDA:7,0,1,7
BRF:2
BRH:2
end_of_record
TN:
SF:models\comment.js
FN:3,(anonymous_0)
FN:10,(anonymous_1)
FNF:2
FNH:2
FNDA:2,(anonymous_0)
FNDA:2,(anonymous_1)
DA:2,2
DA:3,2
DA:14,2
DA:28,2
LF:4
LH:4
BRF:0
BRH:0
end_of_record
TN:
SF:models\index.js
FN:24,(anonymous_0)
FN:29,(anonymous_1)
FN:37,(anonymous_2)
FNF:3
FNH:3
FNDA:10,(anonymous_0)
FNDA:8,(anonymous_1)
FNDA:8,(anonymous_2)
DA:3,2
DA:4,2
DA:5,2
DA:6,2
DA:7,2
DA:8,2
DA:9,2
DA:12,2
DA:13,0
DA:15,2
DA:23,2
DA:25,10
DA:30,8
DA:34,8
DA:37,2
DA:38,8
DA:39,8
DA:43,2
DA:44,2
DA:46,2
LF:20
LH:19
BRDA:7,0,0,2
BRDA:7,0,1,0
BRDA:12,1,0,0
BRDA:12,1,1,2
BRDA:26,2,0,10
BRDA:26,2,1,10
BRDA:26,2,2,8
BRDA:38,3,0,8
BRDA:38,3,1,0
BRF:9
BRH:6
end_of_record
TN:
SF:models\likey.js
FN:3,(anonymous_0)
FN:10,(anonymous_1)
FNF:2
FNH:2
FNDA:2,(anonymous_0)
FNDA:2,(anonymous_1)
DA:2,2
DA:3,2
DA:14,2
DA:24,2
LF:4
LH:4
BRF:0
BRH:0
end_of_record
TN:
SF:models\post.js
FN:3,(anonymous_0)
FN:10,(anonymous_1)
FNF:2
FNH:2
FNDA:2,(anonymous_0)
FNDA:2,(anonymous_1)
DA:2,2
DA:3,2
DA:14,2
DA:28,2
LF:4
LH:4
BRF:0
BRH:0
end_of_record
TN:
SF:models\user.js
FN:3,(anonymous_0)
FN:10,(anonymous_1)
FNF:2
FNH:2
FNDA:2,(anonymous_0)
FNDA:2,(anonymous_1)
DA:2,2
DA:3,2
DA:14,2
DA:29,2
LF:4
LH:4
BRF:0
BRH:0
end_of_record
TN:
SF:repositories\login.repository.js
FN:4,(anonymous_0)
FNF:1
FNH:1
FNDA:11,(anonymous_0)
DA:1,2
DA:4,2
DA:5,11
DA:6,11
DA:9,2
LF:5
LH:5
BRF:0
BRH:0
end_of_record
TN:
SF:repositories\posts.repository.js
FN:5,(anonymous_0)
FN:10,(anonymous_1)
FN:15,(anonymous_2)
FN:23,(anonymous_3)
FN:31,(anonymous_4)
FN:37,(anonymous_5)
FN:59,(anonymous_6)
FN:63,(anonymous_7)
FN:67,(anonymous_8)
FN:73,(anonymous_9)
FNF:10
FNH:6
FNDA:1,(anonymous_0)
FNDA:5,(anonymous_1)
FNDA:1,(anonymous_2)
FNDA:1,(anonymous_3)
FNDA:1,(anonymous_4)
FNDA:2,(anonymous_5)
FNDA:0,(anonymous_6)
FNDA:0,(anonymous_7)
FNDA:0,(anonymous_8)
FNDA:0,(anonymous_9)
DA:1,2
DA:2,2
DA:5,2
DA:6,1
DA:7,1
DA:10,2
DA:11,5
DA:12,5
DA:15,2
DA:16,1
DA:20,1
DA:23,2
DA:25,1
DA:29,1
DA:31,2
DA:32,1
DA:35,1
DA:37,2
DA:38,2
DA:39,0
DA:40,0
DA:42,2
DA:44,2
DA:45,0
DA:59,2
DA:60,0
DA:61,0
DA:63,2
DA:64,0
DA:65,0
DA:67,2
DA:68,0
DA:69,0
DA:70,0
DA:73,2
DA:75,0
DA:76,0
DA:79,2
LF:38
LH:26
BRDA:38,0,0,0
BRDA:38,0,1,2
BRDA:42,1,0,2
BRDA:42,1,1,0
BRF:4
BRH:2
end_of_record
TN:
SF:repositories\users.repository.js
FN:4,(anonymous_0)
FN:9,(anonymous_1)
FNF:2
FNH:2
FNDA:1,(anonymous_0)
FNDA:1,(anonymous_1)
DA:1,2
DA:4,2
DA:5,1
DA:6,0
DA:9,2
DA:10,1
DA:11,1
DA:14,2
LF:8
LH:7
BRF:0
BRH:0
end_of_record
TN:
SF:routes\comments.js
FN:8,(anonymous_0)
FN:33,(anonymous_1)
FN:38,(anonymous_2)
FN:43,(anonymous_3)
FN:53,(anonymous_4)
FN:85,(anonymous_5)
FNF:6
FNH:0
FNDA:0,(anonymous_0)
FNDA:0,(anonymous_1)
FNDA:0,(anonymous_2)
FNDA:0,(anonymous_3)
FNDA:0,(anonymous_4)
FNDA:0,(anonymous_5)
DA:1,2
DA:2,2
DA:3,2
DA:4,2
DA:5,2
DA:8,2
DA:9,0
DA:10,0
DA:11,0
DA:12,0
DA:13,0
DA:14,0
DA:19,0
DA:27,0
DA:33,2
DA:34,0
DA:35,0
DA:37,0
DA:39,0
DA:42,0
DA:43,0
DA:53,2
DA:54,0
DA:55,0
DA:56,0
DA:57,0
DA:58,0
DA:59,0
DA:60,0
DA:66,0
DA:67,0
DA:70,0
DA:71,0
DA:78,0
DA:79,0
DA:85,2
DA:86,0
DA:87,0
DA:88,0
DA:89,0
DA:91,0
DA:92,0
DA:99,0
DA:100,0
DA:105,2
LF:45
LH:10
BRDA:13,0,0,0
BRDA:13,0,1,0
BRDA:59,1,0,0
BRDA:59,1,1,0
BRDA:66,2,0,0
BRDA:66,2,1,0
BRDA:70,3,0,0
BRDA:70,3,1,0
BRDA:91,4,0,0
BRDA:91,4,1,0
BRF:10
BRH:0
end_of_record
TN:
SF:routes\login.js
FNF:0
FNH:0
DA:1,2
DA:2,2
DA:3,2
DA:4,2
DA:5,2
DA:11,2
DA:13,2
LF:7
LH:7
BRF:0
BRH:0
end_of_record
TN:
SF:routes\posts.js
FNF:0
FNH:0
DA:1,2
DA:2,2
DA:3,2
DA:4,2
DA:5,2
DA:7,2
DA:8,2
DA:9,2
DA:10,2
DA:11,2
DA:12,2
DA:13,2
DA:15,2
LF:13
LH:13
BRF:0
BRH:0
end_of_record
TN:
SF:routes\users.js
FNF:0
FNH:0
DA:1,2
DA:2,2
DA:3,2
DA:4,2
DA:6,2
DA:8,2
LF:6
LH:6
BRF:0
BRH:0
end_of_record
TN:
SF:services\login.service.js
FN:6,(anonymous_0)
FNF:1
FNH:1
FNDA:11,(anonymous_0)
DA:1,2
DA:4,2
DA:6,2
DA:7,11
DA:8,11
DA:15,2
LF:6
LH:6
BRF:0
BRH:0
end_of_record
TN:
SF:services\posts.service.js
FN:7,(anonymous_0)
FN:10,(anonymous_1)
FN:14,(anonymous_2)
FN:28,(anonymous_3)
FN:45,(anonymous_4)
FN:60,(anonymous_5)
FN:88,(anonymous_6)
FN:112,(anonymous_7)
FN:130,(anonymous_8)
FN:140,(anonymous_9)
FN:145,(anonymous_10)
FNF:11
FNH:9
FNDA:1,(anonymous_0)
FNDA:165,(anonymous_1)
FNDA:60,(anonymous_2)
FNDA:1,(anonymous_3)
FNDA:1,(anonymous_4)
FNDA:2,(anonymous_5)
FNDA:2,(anonymous_6)
FNDA:1,(anonymous_7)
FNDA:1,(anonymous_8)
FNDA:0,(anonymous_9)
FNDA:0,(anonymous_10)
DA:1,2
DA:4,2
DA:7,2
DA:8,1
DA:10,1
DA:11,165
DA:14,1
DA:15,60
DA:28,2
DA:30,1
DA:32,1
DA:45,2
DA:47,1
DA:48,1
DA:60,2
DA:62,2
DA:65,2
DA:66,0
DA:69,2
DA:70,1
DA:74,1
DA:76,1
DA:88,2
DA:89,2
DA:90,2
DA:92,0
DA:95,2
DA:96,1
DA:100,1
DA:102,1
DA:112,2
DA:114,1
DA:115,0
DA:116,0
DA:117,0
DA:118,0
DA:119,0
DA:120,0
DA:121,0
DA:125,0
DA:126,0
DA:127,0
DA:130,2
DA:131,1
DA:132,1
DA:134,0
DA:135,0
DA:138,0
DA:140,0
DA:141,0
DA:144,0
DA:145,0
DA:157,2
LF:53
LH:34
BRDA:65,0,0,0
BRDA:65,0,1,2
BRDA:69,1,0,1
BRDA:69,1,1,1
BRDA:90,2,0,0
BRDA:90,2,1,2
BRDA:95,3,0,1
BRDA:95,3,1,1
BRDA:118,4,0,0
BRDA:118,4,1,0
BRDA:119,5,0,0
BRDA:119,5,1,0
BRF:12
BRH:6
end_of_record
TN:
SF:services\users.service.js
FN:6,(anonymous_0)
FN:18,(anonymous_1)
FNF:2
FNH:2
FNDA:1,(anonymous_0)
FNDA:1,(anonymous_1)
DA:1,2
DA:4,2
DA:6,2
DA:7,1
DA:8,0
DA:18,2
DA:19,1
DA:21,1
DA:26,2
LF:9
LH:8
BRF:0
BRH:0
end_of_record
TN:
SF:test\data\Post-Data.js
FNF:0
FNH:0
DA:1,1
DA:5,1
DA:9,1
DA:17,1
LF:4
LH:4
BRF:0
BRH:0
end_of_record
TN:
SF:test\data\User-Data.js
FNF:0
FNH:0
DA:1,1
DA:6,1
DA:11,1
DA:15,1
DA:20,1
DA:25,1
DA:34,1
LF:7
LH:7
BRF:0
BRH:0
end_of_record
